[0.064s] DEBUG:colcon:Command line arguments: ['/usr/bin/colcon', 'build', '--symlink-install']
[0.064s] DEBUG:colcon:Parsed command line arguments: Namespace(log_base=None, log_level=None, verb_name='build', build_base='build', install_base='install', merge_install=False, symlink_install=True, test_result_base=None, continue_on_error=False, executor='parallel', parallel_workers=16, event_handlers=None, ignore_user_meta=False, metas=['./colcon.meta'], base_paths=['.'], packages_ignore=None, packages_ignore_regex=None, paths=None, packages_up_to=None, packages_up_to_regex=None, packages_above=None, packages_above_and_dependencies=None, packages_above_depth=None, packages_select_by_dep=None, packages_skip_by_dep=None, packages_skip_up_to=None, packages_select_build_failed=False, packages_skip_build_finished=False, packages_select_test_failures=False, packages_skip_test_passed=False, packages_select=None, packages_skip=None, packages_select_regex=None, packages_skip_regex=None, packages_start=None, packages_end=None, allow_overriding=[], cmake_args=None, cmake_target=None, cmake_target_skip_unavailable=False, cmake_clean_cache=False, cmake_clean_first=False, cmake_force_configure=False, ament_cmake_args=None, catkin_cmake_args=None, catkin_skip_building_tests=False, mixin_files=None, mixin=None, verb_parser=<colcon_mixin.mixin.mixin_argument.MixinArgumentDecorator object at 0x7d28c37e9150>, verb_extension=<colcon_core.verb.build.BuildVerb object at 0x7d28c37e8ca0>, main=<bound method BuildVerb.main of <colcon_core.verb.build.BuildVerb object at 0x7d28c37e8ca0>>, mixin_verb=('build',))
[0.149s] Level 1:colcon.colcon_core.package_discovery:discover_packages(colcon_meta) check parameters
[0.149s] Level 1:colcon.colcon_core.package_discovery:discover_packages(recursive) check parameters
[0.149s] Level 1:colcon.colcon_core.package_discovery:discover_packages(ignore) check parameters
[0.149s] Level 1:colcon.colcon_core.package_discovery:discover_packages(path) check parameters
[0.149s] Level 1:colcon.colcon_core.package_discovery:discover_packages(colcon_meta) discover
[0.149s] Level 1:colcon.colcon_core.package_discovery:discover_packages(recursive) discover
[0.149s] INFO:colcon.colcon_core.package_discovery:Crawling recursively for packages in '/home/sanket/Projects/docker_ws/num_opt_ws/src/num_opt_project'
[0.149s] Level 1:colcon.colcon_core.package_identification:_identify(.) by extensions ['ignore', 'ignore_ament_install']
[0.149s] Level 1:colcon.colcon_core.package_identification:_identify(.) by extension 'ignore'
[0.149s] Level 1:colcon.colcon_core.package_identification:_identify(.) by extension 'ignore_ament_install'
[0.149s] Level 1:colcon.colcon_core.package_identification:_identify(.) by extensions ['colcon_pkg']
[0.149s] Level 1:colcon.colcon_core.package_identification:_identify(.) by extension 'colcon_pkg'
[0.150s] Level 1:colcon.colcon_core.package_identification:_identify(.) by extensions ['colcon_meta']
[0.150s] Level 1:colcon.colcon_core.package_identification:_identify(.) by extension 'colcon_meta'
[0.150s] Level 1:colcon.colcon_core.package_identification:_identify(.) by extensions ['ros']
[0.150s] Level 1:colcon.colcon_core.package_identification:_identify(.) by extension 'ros'
[0.158s] Level 1:colcon.colcon_core.package_identification:_identify(.) by extensions ['cmake', 'python']
[0.158s] Level 1:colcon.colcon_core.package_identification:_identify(.) by extension 'cmake'
[0.158s] Level 1:colcon.colcon_core.package_identification:_identify(.) by extension 'python'
[0.158s] Level 1:colcon.colcon_core.package_identification:_identify(.) by extensions ['python_setup_py']
[0.158s] Level 1:colcon.colcon_core.package_identification:_identify(.) by extension 'python_setup_py'
[0.158s] Level 1:colcon.colcon_core.package_identification:_identify(bern_traj) by extensions ['ignore', 'ignore_ament_install']
[0.158s] Level 1:colcon.colcon_core.package_identification:_identify(bern_traj) by extension 'ignore'
[0.158s] Level 1:colcon.colcon_core.package_identification:_identify(bern_traj) by extension 'ignore_ament_install'
[0.158s] Level 1:colcon.colcon_core.package_identification:_identify(bern_traj) by extensions ['colcon_pkg']
[0.158s] Level 1:colcon.colcon_core.package_identification:_identify(bern_traj) by extension 'colcon_pkg'
[0.158s] Level 1:colcon.colcon_core.package_identification:_identify(bern_traj) by extensions ['colcon_meta']
[0.158s] Level 1:colcon.colcon_core.package_identification:_identify(bern_traj) by extension 'colcon_meta'
[0.158s] Level 1:colcon.colcon_core.package_identification:_identify(bern_traj) by extensions ['ros']
[0.158s] Level 1:colcon.colcon_core.package_identification:_identify(bern_traj) by extension 'ros'
[0.161s] DEBUG:colcon.colcon_core.package_identification:Package 'bern_traj' with type 'ros.ament_cmake' and name 'bern_traj'
[0.161s] Level 1:colcon.colcon_core.package_identification:_identify(build) by extensions ['ignore', 'ignore_ament_install']
[0.161s] Level 1:colcon.colcon_core.package_identification:_identify(build) by extension 'ignore'
[0.161s] Level 1:colcon.colcon_core.package_identification:_identify(build) ignored
[0.161s] Level 1:colcon.colcon_core.package_identification:_identify(install) by extensions ['ignore', 'ignore_ament_install']
[0.161s] Level 1:colcon.colcon_core.package_identification:_identify(install) by extension 'ignore'
[0.161s] Level 1:colcon.colcon_core.package_identification:_identify(install) ignored
[0.161s] Level 1:colcon.colcon_core.package_identification:_identify(log) by extensions ['ignore', 'ignore_ament_install']
[0.161s] Level 1:colcon.colcon_core.package_identification:_identify(log) by extension 'ignore'
[0.161s] Level 1:colcon.colcon_core.package_identification:_identify(log) ignored
[0.161s] Level 1:colcon.colcon_core.package_identification:_identify(uav_msgs) by extensions ['ignore', 'ignore_ament_install']
[0.161s] Level 1:colcon.colcon_core.package_identification:_identify(uav_msgs) by extension 'ignore'
[0.161s] Level 1:colcon.colcon_core.package_identification:_identify(uav_msgs) by extension 'ignore_ament_install'
[0.161s] Level 1:colcon.colcon_core.package_identification:_identify(uav_msgs) by extensions ['colcon_pkg']
[0.161s] Level 1:colcon.colcon_core.package_identification:_identify(uav_msgs) by extension 'colcon_pkg'
[0.161s] Level 1:colcon.colcon_core.package_identification:_identify(uav_msgs) by extensions ['colcon_meta']
[0.161s] Level 1:colcon.colcon_core.package_identification:_identify(uav_msgs) by extension 'colcon_meta'
[0.161s] Level 1:colcon.colcon_core.package_identification:_identify(uav_msgs) by extensions ['ros']
[0.161s] Level 1:colcon.colcon_core.package_identification:_identify(uav_msgs) by extension 'ros'
[0.162s] DEBUG:colcon.colcon_core.package_identification:Package 'uav_msgs' with type 'ros.ament_cmake' and name 'uav_msgs'
[0.162s] Level 1:colcon.colcon_core.package_discovery:discover_packages(recursive) using defaults
[0.162s] Level 1:colcon.colcon_core.package_discovery:discover_packages(ignore) discover
[0.162s] Level 1:colcon.colcon_core.package_discovery:discover_packages(ignore) using defaults
[0.162s] Level 1:colcon.colcon_core.package_discovery:discover_packages(path) discover
[0.162s] Level 1:colcon.colcon_core.package_discovery:discover_packages(path) using defaults
[0.175s] Level 1:colcon.colcon_core.package_discovery:discover_packages(prefix_path) check parameters
[0.175s] Level 1:colcon.colcon_core.package_discovery:discover_packages(prefix_path) discover
[0.176s] DEBUG:colcon.colcon_installed_package_information.package_discovery:Found 2 installed packages in /home/sanket/Projects/docker_ws/num_opt_ws/install
[0.177s] DEBUG:colcon.colcon_installed_package_information.package_discovery:Found 271 installed packages in /opt/ros/humble
[0.178s] Level 1:colcon.colcon_core.package_discovery:discover_packages(prefix_path) using defaults
[0.209s] Level 5:colcon.colcon_core.verb:set package 'uav_msgs' build argument 'cmake_args' from command line to 'None'
[0.209s] Level 5:colcon.colcon_core.verb:set package 'uav_msgs' build argument 'cmake_target' from command line to 'None'
[0.209s] Level 5:colcon.colcon_core.verb:set package 'uav_msgs' build argument 'cmake_target_skip_unavailable' from command line to 'False'
[0.209s] Level 5:colcon.colcon_core.verb:set package 'uav_msgs' build argument 'cmake_clean_cache' from command line to 'False'
[0.209s] Level 5:colcon.colcon_core.verb:set package 'uav_msgs' build argument 'cmake_clean_first' from command line to 'False'
[0.209s] Level 5:colcon.colcon_core.verb:set package 'uav_msgs' build argument 'cmake_force_configure' from command line to 'False'
[0.209s] Level 5:colcon.colcon_core.verb:set package 'uav_msgs' build argument 'ament_cmake_args' from command line to 'None'
[0.209s] Level 5:colcon.colcon_core.verb:set package 'uav_msgs' build argument 'catkin_cmake_args' from command line to 'None'
[0.209s] Level 5:colcon.colcon_core.verb:set package 'uav_msgs' build argument 'catkin_skip_building_tests' from command line to 'False'
[0.209s] DEBUG:colcon.colcon_core.verb:Building package 'uav_msgs' with the following arguments: {'ament_cmake_args': None, 'build_base': '/home/sanket/Projects/docker_ws/num_opt_ws/src/num_opt_project/build/uav_msgs', 'catkin_cmake_args': None, 'catkin_skip_building_tests': False, 'cmake_args': None, 'cmake_clean_cache': False, 'cmake_clean_first': False, 'cmake_force_configure': False, 'cmake_target': None, 'cmake_target_skip_unavailable': False, 'install_base': '/home/sanket/Projects/docker_ws/num_opt_ws/src/num_opt_project/install/uav_msgs', 'merge_install': False, 'path': '/home/sanket/Projects/docker_ws/num_opt_ws/src/num_opt_project/uav_msgs', 'symlink_install': True, 'test_result_base': None}
[0.209s] Level 5:colcon.colcon_core.verb:set package 'bern_traj' build argument 'cmake_args' from command line to 'None'
[0.209s] Level 5:colcon.colcon_core.verb:set package 'bern_traj' build argument 'cmake_target' from command line to 'None'
[0.209s] Level 5:colcon.colcon_core.verb:set package 'bern_traj' build argument 'cmake_target_skip_unavailable' from command line to 'False'
[0.209s] Level 5:colcon.colcon_core.verb:set package 'bern_traj' build argument 'cmake_clean_cache' from command line to 'False'
[0.209s] Level 5:colcon.colcon_core.verb:set package 'bern_traj' build argument 'cmake_clean_first' from command line to 'False'
[0.209s] Level 5:colcon.colcon_core.verb:set package 'bern_traj' build argument 'cmake_force_configure' from command line to 'False'
[0.209s] Level 5:colcon.colcon_core.verb:set package 'bern_traj' build argument 'ament_cmake_args' from command line to 'None'
[0.209s] Level 5:colcon.colcon_core.verb:set package 'bern_traj' build argument 'catkin_cmake_args' from command line to 'None'
[0.209s] Level 5:colcon.colcon_core.verb:set package 'bern_traj' build argument 'catkin_skip_building_tests' from command line to 'False'
[0.209s] DEBUG:colcon.colcon_core.verb:Building package 'bern_traj' with the following arguments: {'ament_cmake_args': None, 'build_base': '/home/sanket/Projects/docker_ws/num_opt_ws/src/num_opt_project/build/bern_traj', 'catkin_cmake_args': None, 'catkin_skip_building_tests': False, 'cmake_args': None, 'cmake_clean_cache': False, 'cmake_clean_first': False, 'cmake_force_configure': False, 'cmake_target': None, 'cmake_target_skip_unavailable': False, 'install_base': '/home/sanket/Projects/docker_ws/num_opt_ws/src/num_opt_project/install/bern_traj', 'merge_install': False, 'path': '/home/sanket/Projects/docker_ws/num_opt_ws/src/num_opt_project/bern_traj', 'symlink_install': True, 'test_result_base': None}
[0.209s] INFO:colcon.colcon_core.executor:Executing jobs using 'parallel' executor
[0.210s] DEBUG:colcon.colcon_parallel_executor.executor.parallel:run_until_complete
[0.210s] INFO:colcon.colcon_ros.task.ament_cmake.build:Building ROS package in '/home/sanket/Projects/docker_ws/num_opt_ws/src/num_opt_project/uav_msgs' with build type 'ament_cmake'
[0.210s] INFO:colcon.colcon_cmake.task.cmake.build:Building CMake package in '/home/sanket/Projects/docker_ws/num_opt_ws/src/num_opt_project/uav_msgs'
[0.212s] INFO:colcon.colcon_core.plugin_system:Skipping extension 'colcon_core.shell.bat': Not used on non-Windows systems
[0.212s] INFO:colcon.colcon_core.shell:Skip shell extension 'powershell' for command environment: Not usable outside of PowerShell
[0.212s] DEBUG:colcon.colcon_core.shell:Skip shell extension 'dsv' for command environment
[0.218s] DEBUG:colcon.colcon_core.event_handler.log_command:Invoking command in '/home/sanket/Projects/docker_ws/num_opt_ws/src/num_opt_project/build/uav_msgs': CMAKE_PREFIX_PATH=${CMAKE_PREFIX_PATH}:/opt/ros/humble /usr/bin/cmake /home/sanket/Projects/docker_ws/num_opt_ws/src/num_opt_project/uav_msgs -DAMENT_CMAKE_SYMLINK_INSTALL=1 -DCMAKE_INSTALL_PREFIX=/home/sanket/Projects/docker_ws/num_opt_ws/src/num_opt_project/install/uav_msgs
[1.596s] DEBUG:colcon.colcon_core.event_handler.log_command:Invoked command in '/home/sanket/Projects/docker_ws/num_opt_ws/src/num_opt_project/build/uav_msgs' returned '0': CMAKE_PREFIX_PATH=${CMAKE_PREFIX_PATH}:/opt/ros/humble /usr/bin/cmake /home/sanket/Projects/docker_ws/num_opt_ws/src/num_opt_project/uav_msgs -DAMENT_CMAKE_SYMLINK_INSTALL=1 -DCMAKE_INSTALL_PREFIX=/home/sanket/Projects/docker_ws/num_opt_ws/src/num_opt_project/install/uav_msgs
[1.598s] DEBUG:colcon.colcon_core.event_handler.log_command:Invoking command in '/home/sanket/Projects/docker_ws/num_opt_ws/src/num_opt_project/build/uav_msgs': CMAKE_PREFIX_PATH=${CMAKE_PREFIX_PATH}:/opt/ros/humble /usr/bin/cmake --build /home/sanket/Projects/docker_ws/num_opt_ws/src/num_opt_project/build/uav_msgs -- -j16 -l16
[3.207s] DEBUG:colcon.colcon_core.event_handler.log_command:Invoked command in '/home/sanket/Projects/docker_ws/num_opt_ws/src/num_opt_project/build/uav_msgs' returned '0': CMAKE_PREFIX_PATH=${CMAKE_PREFIX_PATH}:/opt/ros/humble /usr/bin/cmake --build /home/sanket/Projects/docker_ws/num_opt_ws/src/num_opt_project/build/uav_msgs -- -j16 -l16
[3.214s] DEBUG:colcon.colcon_core.event_handler.log_command:Invoking command in '/home/sanket/Projects/docker_ws/num_opt_ws/src/num_opt_project/build/uav_msgs': CMAKE_PREFIX_PATH=${CMAKE_PREFIX_PATH}:/opt/ros/humble /usr/bin/cmake --install /home/sanket/Projects/docker_ws/num_opt_ws/src/num_opt_project/build/uav_msgs
[3.702s] Level 1:colcon.colcon_core.environment:create_environment_scripts_only(uav_msgs)
[3.703s] DEBUG:colcon.colcon_core.event_handler.log_command:Invoked command in '/home/sanket/Projects/docker_ws/num_opt_ws/src/num_opt_project/build/uav_msgs' returned '0': CMAKE_PREFIX_PATH=${CMAKE_PREFIX_PATH}:/opt/ros/humble /usr/bin/cmake --install /home/sanket/Projects/docker_ws/num_opt_ws/src/num_opt_project/build/uav_msgs
[3.705s] Level 1:colcon.colcon_core.environment:checking '/home/sanket/Projects/docker_ws/num_opt_ws/src/num_opt_project/install/uav_msgs' for CMake module files
[3.705s] Level 1:colcon.colcon_core.environment:checking '/home/sanket/Projects/docker_ws/num_opt_ws/src/num_opt_project/install/uav_msgs' for CMake config files
[3.706s] Level 1:colcon.colcon_core.shell:create_environment_hook('uav_msgs', 'cmake_prefix_path')
[3.706s] INFO:colcon.colcon_core.shell:Creating environment hook '/home/sanket/Projects/docker_ws/num_opt_ws/src/num_opt_project/install/uav_msgs/share/uav_msgs/hook/cmake_prefix_path.ps1'
[3.707s] INFO:colcon.colcon_core.shell:Creating environment descriptor '/home/sanket/Projects/docker_ws/num_opt_ws/src/num_opt_project/install/uav_msgs/share/uav_msgs/hook/cmake_prefix_path.dsv'
[3.707s] INFO:colcon.colcon_core.shell:Creating environment hook '/home/sanket/Projects/docker_ws/num_opt_ws/src/num_opt_project/install/uav_msgs/share/uav_msgs/hook/cmake_prefix_path.sh'
[3.708s] Level 1:colcon.colcon_core.environment:checking '/home/sanket/Projects/docker_ws/num_opt_ws/src/num_opt_project/install/uav_msgs/lib'
[3.708s] Level 1:colcon.colcon_core.shell:create_environment_hook('uav_msgs', 'ld_library_path_lib')
[3.708s] INFO:colcon.colcon_core.shell:Creating environment hook '/home/sanket/Projects/docker_ws/num_opt_ws/src/num_opt_project/install/uav_msgs/share/uav_msgs/hook/ld_library_path_lib.ps1'
[3.708s] INFO:colcon.colcon_core.shell:Creating environment descriptor '/home/sanket/Projects/docker_ws/num_opt_ws/src/num_opt_project/install/uav_msgs/share/uav_msgs/hook/ld_library_path_lib.dsv'
[3.709s] INFO:colcon.colcon_core.shell:Creating environment hook '/home/sanket/Projects/docker_ws/num_opt_ws/src/num_opt_project/install/uav_msgs/share/uav_msgs/hook/ld_library_path_lib.sh'
[3.709s] Level 1:colcon.colcon_core.environment:checking '/home/sanket/Projects/docker_ws/num_opt_ws/src/num_opt_project/install/uav_msgs/bin'
[3.709s] Level 1:colcon.colcon_core.environment:checking '/home/sanket/Projects/docker_ws/num_opt_ws/src/num_opt_project/install/uav_msgs/lib/pkgconfig/uav_msgs.pc'
[3.709s] Level 1:colcon.colcon_core.environment:checking '/home/sanket/Projects/docker_ws/num_opt_ws/src/num_opt_project/install/uav_msgs/lib/python3.10/site-packages'
[3.709s] Level 1:colcon.colcon_core.environment:checking '/home/sanket/Projects/docker_ws/num_opt_ws/src/num_opt_project/install/uav_msgs/bin'
[3.709s] INFO:colcon.colcon_core.shell:Creating package script '/home/sanket/Projects/docker_ws/num_opt_ws/src/num_opt_project/install/uav_msgs/share/uav_msgs/package.ps1'
[3.710s] INFO:colcon.colcon_core.shell:Creating package descriptor '/home/sanket/Projects/docker_ws/num_opt_ws/src/num_opt_project/install/uav_msgs/share/uav_msgs/package.dsv'
[3.711s] INFO:colcon.colcon_core.shell:Creating package script '/home/sanket/Projects/docker_ws/num_opt_ws/src/num_opt_project/install/uav_msgs/share/uav_msgs/package.sh'
[3.712s] INFO:colcon.colcon_core.shell:Creating package script '/home/sanket/Projects/docker_ws/num_opt_ws/src/num_opt_project/install/uav_msgs/share/uav_msgs/package.bash'
[3.713s] INFO:colcon.colcon_core.shell:Creating package script '/home/sanket/Projects/docker_ws/num_opt_ws/src/num_opt_project/install/uav_msgs/share/uav_msgs/package.zsh'
[3.713s] Level 1:colcon.colcon_core.environment:create_file_with_runtime_dependencies(/home/sanket/Projects/docker_ws/num_opt_ws/src/num_opt_project/install/uav_msgs/share/colcon-core/packages/uav_msgs)
[3.714s] Level 1:colcon.colcon_core.environment:create_environment_scripts_only(uav_msgs)
[3.714s] Level 1:colcon.colcon_core.environment:checking '/home/sanket/Projects/docker_ws/num_opt_ws/src/num_opt_project/install/uav_msgs' for CMake module files
[3.715s] Level 1:colcon.colcon_core.environment:checking '/home/sanket/Projects/docker_ws/num_opt_ws/src/num_opt_project/install/uav_msgs' for CMake config files
[3.716s] Level 1:colcon.colcon_core.shell:create_environment_hook('uav_msgs', 'cmake_prefix_path')
[3.716s] INFO:colcon.colcon_core.shell:Creating environment hook '/home/sanket/Projects/docker_ws/num_opt_ws/src/num_opt_project/install/uav_msgs/share/uav_msgs/hook/cmake_prefix_path.ps1'
[3.716s] INFO:colcon.colcon_core.shell:Creating environment descriptor '/home/sanket/Projects/docker_ws/num_opt_ws/src/num_opt_project/install/uav_msgs/share/uav_msgs/hook/cmake_prefix_path.dsv'
[3.716s] INFO:colcon.colcon_core.shell:Creating environment hook '/home/sanket/Projects/docker_ws/num_opt_ws/src/num_opt_project/install/uav_msgs/share/uav_msgs/hook/cmake_prefix_path.sh'
[3.717s] Level 1:colcon.colcon_core.environment:checking '/home/sanket/Projects/docker_ws/num_opt_ws/src/num_opt_project/install/uav_msgs/lib'
[3.717s] Level 1:colcon.colcon_core.shell:create_environment_hook('uav_msgs', 'ld_library_path_lib')
[3.717s] INFO:colcon.colcon_core.shell:Creating environment hook '/home/sanket/Projects/docker_ws/num_opt_ws/src/num_opt_project/install/uav_msgs/share/uav_msgs/hook/ld_library_path_lib.ps1'
[3.717s] INFO:colcon.colcon_core.shell:Creating environment descriptor '/home/sanket/Projects/docker_ws/num_opt_ws/src/num_opt_project/install/uav_msgs/share/uav_msgs/hook/ld_library_path_lib.dsv'
[3.718s] INFO:colcon.colcon_core.shell:Creating environment hook '/home/sanket/Projects/docker_ws/num_opt_ws/src/num_opt_project/install/uav_msgs/share/uav_msgs/hook/ld_library_path_lib.sh'
[3.718s] Level 1:colcon.colcon_core.environment:checking '/home/sanket/Projects/docker_ws/num_opt_ws/src/num_opt_project/install/uav_msgs/bin'
[3.718s] Level 1:colcon.colcon_core.environment:checking '/home/sanket/Projects/docker_ws/num_opt_ws/src/num_opt_project/install/uav_msgs/lib/pkgconfig/uav_msgs.pc'
[3.718s] Level 1:colcon.colcon_core.environment:checking '/home/sanket/Projects/docker_ws/num_opt_ws/src/num_opt_project/install/uav_msgs/lib/python3.10/site-packages'
[3.718s] Level 1:colcon.colcon_core.environment:checking '/home/sanket/Projects/docker_ws/num_opt_ws/src/num_opt_project/install/uav_msgs/bin'
[3.719s] INFO:colcon.colcon_core.shell:Creating package script '/home/sanket/Projects/docker_ws/num_opt_ws/src/num_opt_project/install/uav_msgs/share/uav_msgs/package.ps1'
[3.719s] INFO:colcon.colcon_core.shell:Creating package descriptor '/home/sanket/Projects/docker_ws/num_opt_ws/src/num_opt_project/install/uav_msgs/share/uav_msgs/package.dsv'
[3.720s] INFO:colcon.colcon_core.shell:Creating package script '/home/sanket/Projects/docker_ws/num_opt_ws/src/num_opt_project/install/uav_msgs/share/uav_msgs/package.sh'
[3.720s] INFO:colcon.colcon_core.shell:Creating package script '/home/sanket/Projects/docker_ws/num_opt_ws/src/num_opt_project/install/uav_msgs/share/uav_msgs/package.bash'
[3.720s] INFO:colcon.colcon_core.shell:Creating package script '/home/sanket/Projects/docker_ws/num_opt_ws/src/num_opt_project/install/uav_msgs/share/uav_msgs/package.zsh'
[3.721s] Level 1:colcon.colcon_core.environment:create_file_with_runtime_dependencies(/home/sanket/Projects/docker_ws/num_opt_ws/src/num_opt_project/install/uav_msgs/share/colcon-core/packages/uav_msgs)
[3.721s] INFO:colcon.colcon_ros.task.ament_cmake.build:Building ROS package in '/home/sanket/Projects/docker_ws/num_opt_ws/src/num_opt_project/bern_traj' with build type 'ament_cmake'
[3.721s] INFO:colcon.colcon_cmake.task.cmake.build:Building CMake package in '/home/sanket/Projects/docker_ws/num_opt_ws/src/num_opt_project/bern_traj'
[3.721s] INFO:colcon.colcon_core.shell:Skip shell extension 'powershell' for command environment: Not usable outside of PowerShell
[3.721s] DEBUG:colcon.colcon_core.shell:Skip shell extension 'dsv' for command environment
[3.730s] DEBUG:colcon.colcon_core.event_handler.log_command:Invoking command in '/home/sanket/Projects/docker_ws/num_opt_ws/src/num_opt_project/build/bern_traj': AMENT_PREFIX_PATH=/home/sanket/Projects/docker_ws/num_opt_ws/src/num_opt_project/install/uav_msgs:${AMENT_PREFIX_PATH} CMAKE_PREFIX_PATH=/home/sanket/Projects/docker_ws/num_opt_ws/src/num_opt_project/install/uav_msgs:/home/sanket/Projects/docker_ws/num_opt_ws/install/bern_traj:/home/sanket/Projects/docker_ws/num_opt_ws/install/uav_msgs:/opt/ros/humble LD_LIBRARY_PATH=/home/sanket/Projects/docker_ws/num_opt_ws/src/num_opt_project/install/uav_msgs/lib:${LD_LIBRARY_PATH} PYTHONPATH=/home/sanket/Projects/docker_ws/num_opt_ws/src/num_opt_project/install/uav_msgs/local/lib/python3.10/dist-packages:${PYTHONPATH} /usr/bin/cmake /home/sanket/Projects/docker_ws/num_opt_ws/src/num_opt_project/bern_traj -DAMENT_CMAKE_SYMLINK_INSTALL=1 -DCMAKE_INSTALL_PREFIX=/home/sanket/Projects/docker_ws/num_opt_ws/src/num_opt_project/install/bern_traj
[4.664s] DEBUG:colcon.colcon_core.event_handler.log_command:Invoked command in '/home/sanket/Projects/docker_ws/num_opt_ws/src/num_opt_project/build/bern_traj' returned '0': AMENT_PREFIX_PATH=/home/sanket/Projects/docker_ws/num_opt_ws/src/num_opt_project/install/uav_msgs:${AMENT_PREFIX_PATH} CMAKE_PREFIX_PATH=/home/sanket/Projects/docker_ws/num_opt_ws/src/num_opt_project/install/uav_msgs:/home/sanket/Projects/docker_ws/num_opt_ws/install/bern_traj:/home/sanket/Projects/docker_ws/num_opt_ws/install/uav_msgs:/opt/ros/humble LD_LIBRARY_PATH=/home/sanket/Projects/docker_ws/num_opt_ws/src/num_opt_project/install/uav_msgs/lib:${LD_LIBRARY_PATH} PYTHONPATH=/home/sanket/Projects/docker_ws/num_opt_ws/src/num_opt_project/install/uav_msgs/local/lib/python3.10/dist-packages:${PYTHONPATH} /usr/bin/cmake /home/sanket/Projects/docker_ws/num_opt_ws/src/num_opt_project/bern_traj -DAMENT_CMAKE_SYMLINK_INSTALL=1 -DCMAKE_INSTALL_PREFIX=/home/sanket/Projects/docker_ws/num_opt_ws/src/num_opt_project/install/bern_traj
[4.665s] DEBUG:colcon.colcon_core.event_handler.log_command:Invoking command in '/home/sanket/Projects/docker_ws/num_opt_ws/src/num_opt_project/build/bern_traj': AMENT_PREFIX_PATH=/home/sanket/Projects/docker_ws/num_opt_ws/src/num_opt_project/install/uav_msgs:${AMENT_PREFIX_PATH} CMAKE_PREFIX_PATH=/home/sanket/Projects/docker_ws/num_opt_ws/src/num_opt_project/install/uav_msgs:/home/sanket/Projects/docker_ws/num_opt_ws/install/bern_traj:/home/sanket/Projects/docker_ws/num_opt_ws/install/uav_msgs:/opt/ros/humble LD_LIBRARY_PATH=/home/sanket/Projects/docker_ws/num_opt_ws/src/num_opt_project/install/uav_msgs/lib:${LD_LIBRARY_PATH} PYTHONPATH=/home/sanket/Projects/docker_ws/num_opt_ws/src/num_opt_project/install/uav_msgs/local/lib/python3.10/dist-packages:${PYTHONPATH} /usr/bin/cmake --build /home/sanket/Projects/docker_ws/num_opt_ws/src/num_opt_project/build/bern_traj -- -j16 -l16
[13.568s] DEBUG:colcon.colcon_core.event_handler.log_command:Invoked command in '/home/sanket/Projects/docker_ws/num_opt_ws/src/num_opt_project/build/bern_traj' returned '0': AMENT_PREFIX_PATH=/home/sanket/Projects/docker_ws/num_opt_ws/src/num_opt_project/install/uav_msgs:${AMENT_PREFIX_PATH} CMAKE_PREFIX_PATH=/home/sanket/Projects/docker_ws/num_opt_ws/src/num_opt_project/install/uav_msgs:/home/sanket/Projects/docker_ws/num_opt_ws/install/bern_traj:/home/sanket/Projects/docker_ws/num_opt_ws/install/uav_msgs:/opt/ros/humble LD_LIBRARY_PATH=/home/sanket/Projects/docker_ws/num_opt_ws/src/num_opt_project/install/uav_msgs/lib:${LD_LIBRARY_PATH} PYTHONPATH=/home/sanket/Projects/docker_ws/num_opt_ws/src/num_opt_project/install/uav_msgs/local/lib/python3.10/dist-packages:${PYTHONPATH} /usr/bin/cmake --build /home/sanket/Projects/docker_ws/num_opt_ws/src/num_opt_project/build/bern_traj -- -j16 -l16
[13.570s] DEBUG:colcon.colcon_core.event_handler.log_command:Invoking command in '/home/sanket/Projects/docker_ws/num_opt_ws/src/num_opt_project/build/bern_traj': AMENT_PREFIX_PATH=/home/sanket/Projects/docker_ws/num_opt_ws/src/num_opt_project/install/uav_msgs:${AMENT_PREFIX_PATH} CMAKE_PREFIX_PATH=/home/sanket/Projects/docker_ws/num_opt_ws/src/num_opt_project/install/uav_msgs:/home/sanket/Projects/docker_ws/num_opt_ws/install/bern_traj:/home/sanket/Projects/docker_ws/num_opt_ws/install/uav_msgs:/opt/ros/humble LD_LIBRARY_PATH=/home/sanket/Projects/docker_ws/num_opt_ws/src/num_opt_project/install/uav_msgs/lib:${LD_LIBRARY_PATH} PYTHONPATH=/home/sanket/Projects/docker_ws/num_opt_ws/src/num_opt_project/install/uav_msgs/local/lib/python3.10/dist-packages:${PYTHONPATH} /usr/bin/cmake --install /home/sanket/Projects/docker_ws/num_opt_ws/src/num_opt_project/build/bern_traj
[13.713s] Level 1:colcon.colcon_core.environment:create_environment_scripts_only(bern_traj)
[13.713s] Level 1:colcon.colcon_core.environment:checking '/home/sanket/Projects/docker_ws/num_opt_ws/src/num_opt_project/install/bern_traj' for CMake module files
[13.713s] DEBUG:colcon.colcon_core.event_handler.log_command:Invoked command in '/home/sanket/Projects/docker_ws/num_opt_ws/src/num_opt_project/build/bern_traj' returned '0': AMENT_PREFIX_PATH=/home/sanket/Projects/docker_ws/num_opt_ws/src/num_opt_project/install/uav_msgs:${AMENT_PREFIX_PATH} CMAKE_PREFIX_PATH=/home/sanket/Projects/docker_ws/num_opt_ws/src/num_opt_project/install/uav_msgs:/home/sanket/Projects/docker_ws/num_opt_ws/install/bern_traj:/home/sanket/Projects/docker_ws/num_opt_ws/install/uav_msgs:/opt/ros/humble LD_LIBRARY_PATH=/home/sanket/Projects/docker_ws/num_opt_ws/src/num_opt_project/install/uav_msgs/lib:${LD_LIBRARY_PATH} PYTHONPATH=/home/sanket/Projects/docker_ws/num_opt_ws/src/num_opt_project/install/uav_msgs/local/lib/python3.10/dist-packages:${PYTHONPATH} /usr/bin/cmake --install /home/sanket/Projects/docker_ws/num_opt_ws/src/num_opt_project/build/bern_traj
[13.714s] Level 1:colcon.colcon_core.environment:checking '/home/sanket/Projects/docker_ws/num_opt_ws/src/num_opt_project/install/bern_traj' for CMake config files
[13.714s] Level 1:colcon.colcon_core.shell:create_environment_hook('bern_traj', 'cmake_prefix_path')
[13.714s] INFO:colcon.colcon_core.shell:Creating environment hook '/home/sanket/Projects/docker_ws/num_opt_ws/src/num_opt_project/install/bern_traj/share/bern_traj/hook/cmake_prefix_path.ps1'
[13.714s] INFO:colcon.colcon_core.shell:Creating environment descriptor '/home/sanket/Projects/docker_ws/num_opt_ws/src/num_opt_project/install/bern_traj/share/bern_traj/hook/cmake_prefix_path.dsv'
[13.715s] INFO:colcon.colcon_core.shell:Creating environment hook '/home/sanket/Projects/docker_ws/num_opt_ws/src/num_opt_project/install/bern_traj/share/bern_traj/hook/cmake_prefix_path.sh'
[13.715s] Level 1:colcon.colcon_core.environment:checking '/home/sanket/Projects/docker_ws/num_opt_ws/src/num_opt_project/install/bern_traj/lib'
[13.715s] Level 1:colcon.colcon_core.environment:checking '/home/sanket/Projects/docker_ws/num_opt_ws/src/num_opt_project/install/bern_traj/bin'
[13.715s] Level 1:colcon.colcon_core.environment:checking '/home/sanket/Projects/docker_ws/num_opt_ws/src/num_opt_project/install/bern_traj/lib/pkgconfig/bern_traj.pc'
[13.715s] Level 1:colcon.colcon_core.environment:checking '/home/sanket/Projects/docker_ws/num_opt_ws/src/num_opt_project/install/bern_traj/lib/python3.10/site-packages'
[13.715s] Level 1:colcon.colcon_core.environment:checking '/home/sanket/Projects/docker_ws/num_opt_ws/src/num_opt_project/install/bern_traj/bin'
[13.715s] INFO:colcon.colcon_core.shell:Creating package script '/home/sanket/Projects/docker_ws/num_opt_ws/src/num_opt_project/install/bern_traj/share/bern_traj/package.ps1'
[13.716s] INFO:colcon.colcon_core.shell:Creating package descriptor '/home/sanket/Projects/docker_ws/num_opt_ws/src/num_opt_project/install/bern_traj/share/bern_traj/package.dsv'
[13.716s] INFO:colcon.colcon_core.shell:Creating package script '/home/sanket/Projects/docker_ws/num_opt_ws/src/num_opt_project/install/bern_traj/share/bern_traj/package.sh'
[13.716s] INFO:colcon.colcon_core.shell:Creating package script '/home/sanket/Projects/docker_ws/num_opt_ws/src/num_opt_project/install/bern_traj/share/bern_traj/package.bash'
[13.716s] INFO:colcon.colcon_core.shell:Creating package script '/home/sanket/Projects/docker_ws/num_opt_ws/src/num_opt_project/install/bern_traj/share/bern_traj/package.zsh'
[13.716s] Level 1:colcon.colcon_core.environment:create_file_with_runtime_dependencies(/home/sanket/Projects/docker_ws/num_opt_ws/src/num_opt_project/install/bern_traj/share/colcon-core/packages/bern_traj)
[13.717s] Level 1:colcon.colcon_core.environment:create_environment_scripts_only(bern_traj)
[13.717s] Level 1:colcon.colcon_core.environment:checking '/home/sanket/Projects/docker_ws/num_opt_ws/src/num_opt_project/install/bern_traj' for CMake module files
[13.717s] Level 1:colcon.colcon_core.environment:checking '/home/sanket/Projects/docker_ws/num_opt_ws/src/num_opt_project/install/bern_traj' for CMake config files
[13.717s] Level 1:colcon.colcon_core.shell:create_environment_hook('bern_traj', 'cmake_prefix_path')
[13.718s] INFO:colcon.colcon_core.shell:Creating environment hook '/home/sanket/Projects/docker_ws/num_opt_ws/src/num_opt_project/install/bern_traj/share/bern_traj/hook/cmake_prefix_path.ps1'
[13.718s] INFO:colcon.colcon_core.shell:Creating environment descriptor '/home/sanket/Projects/docker_ws/num_opt_ws/src/num_opt_project/install/bern_traj/share/bern_traj/hook/cmake_prefix_path.dsv'
[13.718s] INFO:colcon.colcon_core.shell:Creating environment hook '/home/sanket/Projects/docker_ws/num_opt_ws/src/num_opt_project/install/bern_traj/share/bern_traj/hook/cmake_prefix_path.sh'
[13.718s] Level 1:colcon.colcon_core.environment:checking '/home/sanket/Projects/docker_ws/num_opt_ws/src/num_opt_project/install/bern_traj/lib'
[13.718s] Level 1:colcon.colcon_core.environment:checking '/home/sanket/Projects/docker_ws/num_opt_ws/src/num_opt_project/install/bern_traj/bin'
[13.718s] Level 1:colcon.colcon_core.environment:checking '/home/sanket/Projects/docker_ws/num_opt_ws/src/num_opt_project/install/bern_traj/lib/pkgconfig/bern_traj.pc'
[13.719s] Level 1:colcon.colcon_core.environment:checking '/home/sanket/Projects/docker_ws/num_opt_ws/src/num_opt_project/install/bern_traj/lib/python3.10/site-packages'
[13.719s] Level 1:colcon.colcon_core.environment:checking '/home/sanket/Projects/docker_ws/num_opt_ws/src/num_opt_project/install/bern_traj/bin'
[13.719s] INFO:colcon.colcon_core.shell:Creating package script '/home/sanket/Projects/docker_ws/num_opt_ws/src/num_opt_project/install/bern_traj/share/bern_traj/package.ps1'
[13.719s] INFO:colcon.colcon_core.shell:Creating package descriptor '/home/sanket/Projects/docker_ws/num_opt_ws/src/num_opt_project/install/bern_traj/share/bern_traj/package.dsv'
[13.719s] INFO:colcon.colcon_core.shell:Creating package script '/home/sanket/Projects/docker_ws/num_opt_ws/src/num_opt_project/install/bern_traj/share/bern_traj/package.sh'
[13.720s] INFO:colcon.colcon_core.shell:Creating package script '/home/sanket/Projects/docker_ws/num_opt_ws/src/num_opt_project/install/bern_traj/share/bern_traj/package.bash'
[13.720s] INFO:colcon.colcon_core.shell:Creating package script '/home/sanket/Projects/docker_ws/num_opt_ws/src/num_opt_project/install/bern_traj/share/bern_traj/package.zsh'
[13.720s] Level 1:colcon.colcon_core.environment:create_file_with_runtime_dependencies(/home/sanket/Projects/docker_ws/num_opt_ws/src/num_opt_project/install/bern_traj/share/colcon-core/packages/bern_traj)
[13.720s] DEBUG:colcon.colcon_parallel_executor.executor.parallel:closing loop
[13.720s] DEBUG:colcon.colcon_parallel_executor.executor.parallel:loop closed
[13.720s] DEBUG:colcon.colcon_parallel_executor.executor.parallel:run_until_complete finished with '0'
[13.720s] DEBUG:colcon.colcon_core.event_reactor:joining thread
[13.725s] INFO:colcon.colcon_core.plugin_system:Skipping extension 'colcon_notification.desktop_notification.notify_send': Could not find 'notify-send'
[13.725s] INFO:colcon.colcon_core.plugin_system:Skipping extension 'colcon_notification.desktop_notification.terminal_notifier': Not used on non-Darwin systems
[13.725s] INFO:colcon.colcon_core.plugin_system:Skipping extension 'colcon_notification.desktop_notification.win32': Not used on non-Windows systems
[13.725s] INFO:colcon.colcon_notification.desktop_notification:Sending desktop notification using 'notify2'
[13.727s] DEBUG:colcon.colcon_notification.desktop_notification.notify2:Failed to initialize notify2: org.freedesktop.DBus.Error.Spawn.ExecFailed: /usr/bin/dbus-launch terminated abnormally without any error message
[13.727s] DEBUG:colcon.colcon_core.event_reactor:joined thread
[13.727s] INFO:colcon.colcon_core.shell:Creating prefix script '/home/sanket/Projects/docker_ws/num_opt_ws/src/num_opt_project/install/local_setup.ps1'
[13.728s] INFO:colcon.colcon_core.shell:Creating prefix util module '/home/sanket/Projects/docker_ws/num_opt_ws/src/num_opt_project/install/_local_setup_util_ps1.py'
[13.729s] INFO:colcon.colcon_core.shell:Creating prefix chain script '/home/sanket/Projects/docker_ws/num_opt_ws/src/num_opt_project/install/setup.ps1'
[13.730s] INFO:colcon.colcon_core.shell:Creating prefix script '/home/sanket/Projects/docker_ws/num_opt_ws/src/num_opt_project/install/local_setup.sh'
[13.730s] INFO:colcon.colcon_core.shell:Creating prefix util module '/home/sanket/Projects/docker_ws/num_opt_ws/src/num_opt_project/install/_local_setup_util_sh.py'
[13.730s] INFO:colcon.colcon_core.shell:Creating prefix chain script '/home/sanket/Projects/docker_ws/num_opt_ws/src/num_opt_project/install/setup.sh'
[13.731s] INFO:colcon.colcon_core.shell:Creating prefix script '/home/sanket/Projects/docker_ws/num_opt_ws/src/num_opt_project/install/local_setup.bash'
[13.731s] INFO:colcon.colcon_core.shell:Creating prefix chain script '/home/sanket/Projects/docker_ws/num_opt_ws/src/num_opt_project/install/setup.bash'
[13.732s] INFO:colcon.colcon_core.shell:Creating prefix script '/home/sanket/Projects/docker_ws/num_opt_ws/src/num_opt_project/install/local_setup.zsh'
[13.732s] INFO:colcon.colcon_core.shell:Creating prefix chain script '/home/sanket/Projects/docker_ws/num_opt_ws/src/num_opt_project/install/setup.zsh'
