[0mWARNING: Target "trjectoryLibNumOpt" requests linking to directory "/usr/local/include".  Targets may link only to libraries.  CMake is dropping the item.[0m
[0mWARNING: Target "trajectory_manager_num_opt" requests linking to directory "/usr/local/include".  Targets may link only to libraries.  CMake is dropping the item.[0m
[01m[K/home/sanket/Projects/docker_ws/num_opt_ws/src/num_opt_project/bern_traj/src/bernstein_trajectory.cpp:[m[K In member function ‘[01m[Kvirtual bool BernsteinTrajectory::initialize(const std::vector<Waypoint>*, const std::vector<Obstacle>*, nav_msgs::msg::Odometry_<std::allocator<void> >::ConstSharedPtr)[m[K’:
[01m[K/home/sanket/Projects/docker_ws/num_opt_ws/src/num_opt_project/bern_traj/src/bernstein_trajectory.cpp:78:29:[m[K [01;35m[Kwarning: [m[Kvariable ‘[01m[Kp_[m[K’ set but not used [[01;35m[K-Wunused-but-set-variable[m[K]
   78 |             Eigen::Vector3f [01;35m[Kp_[m[K = wp0.position + (wp1.position - wp0.position) * temp_;
      |                             [01;35m[K^~[m[K
[01m[K/home/sanket/Projects/docker_ws/num_opt_ws/src/num_opt_project/bern_traj/src/bernstein_trajectory.cpp:43:83:[m[K [01;35m[Kwarning: [m[Kunused parameter ‘[01m[Kmsg[m[K’ [[01;35m[K-Wunused-parameter[m[K]
   43 |                                     [01;35m[Kconst nav_msgs::msg::Odometry::ConstSharedPtr msg[m[K)
      |                                     [01;35m[K~~~~~~~~~~~~~~~~~~~~~~~~~~~~~~~~~~~~~~~~~~~~~~^~~[m[K
[01m[K/home/sanket/Projects/docker_ws/num_opt_ws/src/num_opt_project/bern_traj/src/bernstein_trajectory.cpp:[m[K In member function ‘[01m[Kvirtual bool BernsteinTrajectory::generateTrajectory(const Vector3f&, const Vector3f&, const Vector3f&, const Vector3f&, const Vector3f&, const Vector3f&, const float&, const float&, const float&, const float&, float)[m[K’:
[01m[K/home/sanket/Projects/docker_ws/num_opt_ws/src/num_opt_project/bern_traj/src/bernstein_trajectory.cpp:146:69:[m[K [01;35m[Kwarning: [m[Kunused parameter ‘[01m[Kxi[m[K’ [[01;35m[K-Wunused-parameter[m[K]
  146 | bool BernsteinTrajectory::generateTrajectory([01;35m[Kconst Eigen::Vector3f &xi[m[K, const Eigen::Vector3f &xf,
      |                                              [01;35m[K~~~~~~~~~~~~~~~~~~~~~~~^~[m[K
[01m[K/home/sanket/Projects/docker_ws/num_opt_ws/src/num_opt_project/bern_traj/src/bernstein_trajectory.cpp:146:96:[m[K [01;35m[Kwarning: [m[Kunused parameter ‘[01m[Kxf[m[K’ [[01;35m[K-Wunused-parameter[m[K]
  146 | BernsteinTrajectory::generateTrajectory(const Eigen::Vector3f &xi, [01;35m[Kconst Eigen::Vector3f &xf[m[K,
      |                                                                    [01;35m[K~~~~~~~~~~~~~~~~~~~~~~~^~[m[K

[01m[K/home/sanket/Projects/docker_ws/num_opt_ws/src/num_opt_project/bern_traj/src/bernstein_trajectory.cpp:147:56:[m[K [01;35m[Kwarning: [m[Kunused parameter ‘[01m[Kvi[m[K’ [[01;35m[K-Wunused-parameter[m[K]
  147 |                                 [01;35m[Kconst Eigen::Vector3f &vi[m[K, const Eigen::Vector3f &vf,
      |                                 [01;35m[K~~~~~~~~~~~~~~~~~~~~~~~^~[m[K
[01m[K/home/sanket/Projects/docker_ws/num_opt_ws/src/num_opt_project/bern_traj/src/bernstein_trajectory.cpp:147:83:[m[K [01;35m[Kwarning: [m[Kunused parameter ‘[01m[Kvf[m[K’ [[01;35m[K-Wunused-parameter[m[K]
  147 |                                 const Eigen::Vector3f &vi, [01;35m[Kconst Eigen::Vector3f &vf[m[K,
      |                                                            [01;35m[K~~~~~~~~~~~~~~~~~~~~~~~^~[m[K
[01m[K/home/sanket/Projects/docker_ws/num_opt_ws/src/num_opt_project/bern_traj/src/bernstein_trajectory.cpp:148:56:[m[K [01;35m[Kwarning: [m[Kunused parameter ‘[01m[Kai[m[K’ [[01;35m[K-Wunused-parameter[m[K]
  148 |                                 [01;35m[Kconst Eigen::Vector3f &ai[m[K, const Eigen::Vector3f &af,
      |                                 [01;35m[K~~~~~~~~~~~~~~~~~~~~~~~^~[m[K
[01m[K/home/sanket/Projects/docker_ws/num_opt_ws/src/num_opt_project/bern_traj/src/bernstein_trajectory.cpp:148:83:[m[K [01;35m[Kwarning: [m[Kunused parameter ‘[01m[Kaf[m[K’ [[01;35m[K-Wunused-parameter[m[K]
  148 |                                 const Eigen::Vector3f &ai, [01;35m[Kconst Eigen::Vector3f &af[m[K,
      |                                                            [01;35m[K~~~~~~~~~~~~~~~~~~~~~~~^~[m[K
[01m[K/home/sanket/Projects/docker_ws/num_opt_ws/src/num_opt_project/bern_traj/src/bernstein_trajectory.cpp:149:46:[m[K [01;35m[Kwarning: [m[Kunused parameter ‘[01m[Kyaw_i[m[K’ [[01;35m[K-Wunused-parameter[m[K]
  149 |                                 [01;35m[Kconst float &yaw_i[m[K, const float &yaw_f,
      |                                 [01;35m[K~~~~~~~~~~~~~^~~~~[m[K
[01m[K/home/sanket/Projects/docker_ws/num_opt_ws/src/num_opt_project/bern_traj/src/bernstein_trajectory.cpp:149:66:[m[K [01;35m[Kwarning: [m[Kunused parameter ‘[01m[Kyaw_f[m[K’ [[01;35m[K-Wunused-parameter[m[K]
  149 |                                 const float &yaw_i, [01;35m[Kconst float &yaw_f[m[K,
      |                                                     [01;35m[K~~~~~~~~~~~~~^~~~~[m[K
[01m[K/home/sanket/Projects/docker_ws/num_opt_ws/src/num_opt_project/bern_traj/src/bernstein_trajectory.cpp:150:46:[m[K [01;35m[Kwarning: [m[Kunused parameter ‘[01m[Kyaw_dot_i[m[K’ [[01;35m[K-Wunused-parameter[m[K]
  150 |                                 [01;35m[Kconst float &yaw_dot_i[m[K, const float &yaw_dot_f,
      |                                 [01;35m[K~~~~~~~~~~~~~^~~~~~~~~[m[K
[01m[K/home/sanket/Projects/docker_ws/num_opt_ws/src/num_opt_project/bern_traj/src/bernstein_trajectory.cpp:150:70:[m[K [01;35m[Kwarning: [m[Kunused parameter ‘[01m[Kyaw_dot_f[m[K’ [[01;35m[K-Wunused-parameter[m[K]
  150 |                                 const float &yaw_dot_i, [01;35m[Kconst float &yaw_dot_f[m[K,
      |                                                         [01;35m[K~~~~~~~~~~~~~^~~~~~~~~[m[K
[01m[K/home/sanket/Projects/docker_ws/num_opt_ws/src/num_opt_project/bern_traj/src/bernstein_trajectory.cpp:151:39:[m[K [01;35m[Kwarning: [m[Kunused parameter ‘[01m[Kdt[m[K’ [[01;35m[K-Wunused-parameter[m[K]
  151 |                                 [01;35m[Kfloat dt[m[K)
      |                                 [01;35m[K~~~~~~^~[m[K
[01m[K/home/sanket/Projects/docker_ws/num_opt_ws/src/num_opt_project/bern_traj/src/bernstein_trajectory.cpp:[m[K In member function ‘[01m[Kvirtual uav_msgs::msg::PositionCmd_<std::allocator<void> >::SharedPtr BernsteinTrajectory::update(nav_msgs::msg::Odometry_<std::allocator<void> >::ConstSharedPtr)[m[K’:
[01m[K/home/sanket/Projects/docker_ws/num_opt_ws/src/num_opt_project/bern_traj/src/bernstein_trajectory.cpp:158:113:[m[K [01;35m[Kwarning: [m[Kunused parameter ‘[01m[Kmsg[m[K’ [[01;35m[K-Wunused-parameter[m[K]
  158 | Cmd::SharedPtr BernsteinTrajectory::update([01;35m[Kconst nav_msgs::msg::Odometry::ConstSharedPtr msg[m[K)
      |                                            [01;35m[K~~~~~~~~~~~~~~~~~~~~~~~~~~~~~~~~~~~~~~~~~~~~~~^~~[m[K

[01m[K/home/sanket/Projects/docker_ws/num_opt_ws/src/num_opt_project/bern_traj/src/bernstein_trajectory.cpp:[m[K In member function ‘[01m[Kvirtual Eigen::Vector3d BernsteinTrajectory::getRefPosition(double&)[m[K’:
[01m[K/home/sanket/Projects/docker_ws/num_opt_ws/src/num_opt_project/bern_traj/src/bernstein_trajectory.cpp:170:61:[m[K [01;35m[Kwarning: [m[Kunused parameter ‘[01m[Ktime_[m[K’ [[01;35m[K-Wunused-parameter[m[K]
  170 | Eigen::Vector3d BernsteinTrajectory::getRefPosition([01;35m[Kdouble &time_[m[K)
      |                                                     [01;35m[K~~~~~~~~^~~~~[m[K
[01m[K/home/sanket/Projects/docker_ws/num_opt_ws/src/num_opt_project/bern_traj/src/bernstein_trajectory.cpp:[m[K In member function ‘[01m[Kvirtual Eigen::Vector3d BernsteinTrajectory::getRefVelocity(double&)[m[K’:
[01m[K/home/sanket/Projects/docker_ws/num_opt_ws/src/num_opt_project/bern_traj/src/bernstein_trajectory.cpp:175:61:[m[K [01;35m[Kwarning: [m[Kunused parameter ‘[01m[Ktime_[m[K’ [[01;35m[K-Wunused-parameter[m[K]
  175 | Eigen::Vector3d BernsteinTrajectory::getRefVelocity([01;35m[Kdouble &time_[m[K)
      |                                                     [01;35m[K~~~~~~~~^~~~~[m[K
[01m[K/home/sanket/Projects/docker_ws/num_opt_ws/src/num_opt_project/bern_traj/src/bernstein_trajectory.cpp:[m[K In member function ‘[01m[Kvirtual Eigen::Vector3d BernsteinTrajectory::getRefAcceleration(double&)[m[K’:
[01m[K/home/sanket/Projects/docker_ws/num_opt_ws/src/num_opt_project/bern_traj/src/bernstein_trajectory.cpp:180:65:[m[K [01;35m[Kwarning: [m[Kunused parameter ‘[01m[Ktime_[m[K’ [[01;35m[K-Wunused-parameter[m[K]
  180 | Eigen::Vector3d BernsteinTrajectory::getRefAcceleration([01;35m[Kdouble &time_[m[K)
      |                                                         [01;35m[K~~~~~~~~^~~~~[m[K
[01m[K/home/sanket/Projects/docker_ws/num_opt_ws/src/num_opt_project/bern_traj/src/bernstein_trajectory.cpp:[m[K In member function ‘[01m[Kvirtual Eigen::Vector3d BernsteinTrajectory::getRefJerk(double&)[m[K’:
[01m[K/home/sanket/Projects/docker_ws/num_opt_ws/src/num_opt_project/bern_traj/src/bernstein_trajectory.cpp:185:57:[m[K [01;35m[Kwarning: [m[Kunused parameter ‘[01m[Ktime_[m[K’ [[01;35m[K-Wunused-parameter[m[K]
  185 | Eigen::Vector3d BernsteinTrajectory::getRefJerk([01;35m[Kdouble &time_[m[K)
      |                                                 [01;35m[K~~~~~~~~^~~~~[m[K
[01m[K/home/sanket/Projects/docker_ws/num_opt_ws/src/num_opt_project/bern_traj/src/bernstein_trajectory.cpp:[m[K In member function ‘[01m[KQPIneqConstraints BernsteinTrajectory::generateIneqConstraint(int&, const std::vector<Waypoint>*)[m[K’:
[01m[K/home/sanket/Projects/docker_ws/num_opt_ws/src/num_opt_project/bern_traj/src/bernstein_trajectory.cpp:623:109:[m[K [01;35m[Kwarning: [m[Kunused parameter ‘[01m[Kgoal_wp[m[K’ [[01;35m[K-Wunused-parameter[m[K]
  623 | teinTrajectory::generateIneqConstraint(int &dimension_, [01;35m[Kconst std::vector<Waypoint> *goal_wp[m[K)
      |                                                         [01;35m[K~~~~~~~~~~~~~~~~~~~~~~~~~~~~~^~~~~~~[m[K

[01m[K/home/sanket/Projects/docker_ws/num_opt_ws/src/num_opt_project/bern_traj/src/bernstein_trajectory.cpp:[m[K In member function ‘[01m[Kbool BernsteinTrajectory::threadOSQPSolver(Eigen::MatrixXd&, QPEqConstraints&, QPIneqConstraints&)[m[K’:
[01m[K/home/sanket/Projects/docker_ws/num_opt_ws/src/num_opt_project/bern_traj/src/bernstein_trajectory.cpp:887:61:[m[K [01;35m[Kwarning: [m[Kunused parameter ‘[01m[KQ[m[K’ [[01;35m[K-Wunused-parameter[m[K]
  887 | bool BernsteinTrajectory::threadOSQPSolver([01;35m[KEigen::MatrixXd &Q[m[K, QPEqConstraints &eq_constraints,
      |                                            [01;35m[K~~~~~~~~~~~~~~~~~^[m[K
[01m[K/home/sanket/Projects/docker_ws/num_opt_ws/src/num_opt_project/bern_traj/src/bernstein_trajectory.cpp:887:81:[m[K [01;35m[Kwarning: [m[Kunused parameter ‘[01m[Keq_constraints[m[K’ [[01;35m[K-Wunused-parameter[m[K]
  887 | bool BernsteinTrajectory::threadOSQPSolver(Eigen::MatrixXd &Q, [01;35m[KQPEqConstraints &eq_constraints[m[K,
      |                                                                [01;35m[K~~~~~~~~~~~~~~~~~^~~~~~~~~~~~~~[m[K
[01m[K/home/sanket/Projects/docker_ws/num_opt_ws/src/num_opt_project/bern_traj/src/bernstein_trajectory.cpp:888:64:[m[K [01;35m[Kwarning: [m[Kunused parameter ‘[01m[Kineq_constraints[m[K’ [[01;35m[K-Wunused-parameter[m[K]
  888 |                                             [01;35m[KQPIneqConstraints &ineq_constraints[m[K)//, rclcpp::Node::SharedPtr node_ptr)
      |                                             [01;35m[K~~~~~~~~~~~~~~~~~~~^~~~~~~~~~~~~~~~[m[K
[01m[K/home/sanket/Projects/docker_ws/num_opt_ws/src/num_opt_project/bern_traj/src/bernstein_trajectory.cpp:[m[K In member function ‘[01m[Kbool BernsteinTrajectory::combOSQPSolver(Eigen::MatrixXd&, QPEqConstraints&, QPIneqConstraints&)[m[K’:
[01m[K/home/sanket/Projects/docker_ws/num_opt_ws/src/num_opt_project/bern_traj/src/bernstein_trajectory.cpp:923:15:[m[K [01;35m[Kwarning: [m[KISO C++ forbids variable length array ‘[01m[Kl[m[K’ [[01;35m[K-Wvla[m[K]
  923 |     OSQPFloat [01;35m[Kl[m[K[m]; // lower bound of constraints
      |               [01;35m[K^[m[K
[01m[K/home/sanket/Projects/docker_ws/num_opt_ws/src/num_opt_project/bern_traj/src/bernstein_trajectory.cpp:924:15:[m[K [01;35m[Kwarning: [m[KISO C++ forbids variable length array ‘[01m[Ku[m[K’ [[01;35m[K-Wvla[m[K]
  924 |     OSQPFloat [01;35m[Ku[m[K[m]; // upper bound of constraints
      |               [01;35m[K^[m[K
[01m[K/home/sanket/Projects/docker_ws/num_opt_ws/src/num_opt_project/bern_traj/src/bernstein_trajectory.cpp:942:15:[m[K [01;35m[Kwarning: [m[KISO C++ forbids variable length array ‘[01m[Kq[m[K’ [[01;35m[K-Wvla[m[K]
  942 |     OSQPFloat [01;35m[Kq[m[K[bernCoeffComb.size()];
      |               [01;35m[K^[m[K
[01m[K/home/sanket/Projects/docker_ws/num_opt_ws/src/num_opt_project/bern_traj/src/bernstein_trajectory.cpp:954:15:[m[K [01;35m[Kwarning: [m[KISO C++ forbids variable length array ‘[01m[KP_x[m[K’ [[01;35m[K-Wvla[m[K]
  954 |     OSQPFloat [01;35m[KP_x[m[K[P_nnz]; // values of non-zero elements in P_sparse
      |               [01;35m[K^~~[m[K
[01m[K/home/sanket/Projects/docker_ws/num_opt_ws/src/num_opt_project/bern_traj/src/bernstein_trajectory.cpp:955:13:[m[K [01;35m[Kwarning: [m[KISO C++ forbids variable length array ‘[01m[KP_i[m[K’ [[01;35m[K-Wvla[m[K]
  955 |     OSQPInt [01;35m[KP_i[m[K[P_nnz]; // row index of non-zero elements in P_sparse
      |             [01;35m[K^~~[m[K
[01m[K/home/sanket/Projects/docker_ws/num_opt_ws/src/num_opt_project/bern_traj/src/bernstein_trajectory.cpp:956:13:[m[K [01;35m[Kwarning: [m[KISO C++ forbids variable length array ‘[01m[KP_p[m[K’ [[01;35m[K-Wvla[m[K]
  956 |     OSQPInt [01;35m[KP_p[m[K[P_sparse.outerSize() + 1]; // column pointer of non-zero elements in P_sparse
      |             [01;35m[K^~~[m[K
[01m[K/home/sanket/Projects/docker_ws/num_opt_ws/src/num_opt_project/bern_traj/src/bernstein_trajectory.cpp:974:15:[m[K [01;35m[Kwarning: [m[KISO C++ forbids variable length array ‘[01m[KA_x[m[K’ [[01;35m[K-Wvla[m[K]
  974 |     OSQPFloat [01;35m[KA_x[m[K[A_nnz];
      |               [01;35m[K^~~[m[K
[01m[K/home/sanket/Projects/docker_ws/num_opt_ws/src/num_opt_project/bern_traj/src/bernstein_trajectory.cpp:975:13:[m[K [01;35m[Kwarning: [m[KISO C++ forbids variable length array ‘[01m[KA_i[m[K’ [[01;35m[K-Wvla[m[K]
  975 |     OSQPInt [01;35m[KA_i[m[K[A_nnz];
      |             [01;35m[K^~~[m[K
[01m[K/home/sanket/Projects/docker_ws/num_opt_ws/src/num_opt_project/bern_traj/src/bernstein_trajectory.cpp:976:13:[m[K [01;35m[Kwarning: [m[KISO C++ forbids variable length array ‘[01m[KA_p[m[K’ [[01;35m[K-Wvla[m[K]
  976 |     OSQPInt [01;35m[KA_p[m[K[A_sparse.outerSize() + 1];
      |             [01;35m[K^~~[m[K
[01m[K/home/sanket/Projects/docker_ws/num_opt_ws/src/num_opt_project/bern_traj/src/bernstein_trajectory.cpp:[m[K In member function ‘[01m[Kdouble BernsteinTrajectory::getBernstein(int, int, double)[m[K’:
[01m[K/home/sanket/Projects/docker_ws/num_opt_ws/src/num_opt_project/bern_traj/src/bernstein_trajectory.cpp:1089:46:[m[K [01;35m[Kwarning: [m[Kunused parameter ‘[01m[Kn[m[K’ [[01;35m[K-Wunused-parameter[m[K]
 1089 | double BernsteinTrajectory::getBernstein([01;35m[Kint n[m[K, int r, double time)
      |                                          [01;35m[K~~~~^[m[K
[01m[K/home/sanket/Projects/docker_ws/num_opt_ws/src/num_opt_project/bern_traj/src/bernstein_trajectory.cpp:1089:53:[m[K [01;35m[Kwarning: [m[Kunused parameter ‘[01m[Kr[m[K’ [[01;35m[K-Wunused-parameter[m[K]
 1089 | double BernsteinTrajectory::getBernstein(int n, [01;35m[Kint r[m[K, double time)
      |                                                 [01;35m[K~~~~^[m[K
[01m[K/home/sanket/Projects/docker_ws/num_opt_ws/src/num_opt_project/bern_traj/src/bernstein_trajectory.cpp:1089:63:[m[K [01;35m[Kwarning: [m[Kunused parameter ‘[01m[Ktime[m[K’ [[01;35m[K-Wunused-parameter[m[K]
 1089 | double BernsteinTrajectory::getBernstein(int n, int r, [01;35m[Kdouble time[m[K)
      |                                                        [01;35m[K~~~~~~~^~~~[m[K
[01m[K/home/sanket/Projects/docker_ws/num_opt_ws/src/num_opt_project/bern_traj/src/bernstein_trajectory.cpp:[m[K In member function ‘[01m[Kdouble BernsteinTrajectory::getSegmentTime(int)[m[K’:
[01m[K/home/sanket/Projects/docker_ws/num_opt_ws/src/num_opt_project/bern_traj/src/bernstein_trajectory.cpp:1100:48:[m[K [01;35m[Kwarning: [m[Kunused parameter ‘[01m[KsegIdx_[m[K’ [[01;35m[K-Wunused-parameter[m[K]
 1100 | double BernsteinTrajectory::getSegmentTime([01;35m[Kint segIdx_[m[K)
      |                                            [01;35m[K~~~~^~~~~~~[m[K
[01m[K/home/sanket/Projects/docker_ws/num_opt_ws/src/num_opt_project/bern_traj/src/trajectory_manager.cpp:[m[K In member function ‘[01m[Kvoid TrajectoryManager::initializeTrajectory()[m[K’:
[01m[K/home/sanket/Projects/docker_ws/num_opt_ws/src/num_opt_project/bern_traj/src/trajectory_manager.cpp:73:20:[m[K [01;35m[Kwarning: [m[Kcomparison of integer expressions of different signedness: ‘[01m[Kint[m[K’ and ‘[01m[Kstd::vector<Obstacle>::size_type[m[K’ {aka ‘[01m[Klong unsigned int[m[K’} [[01;35m[K-Wsign-compare[m[K]
   73 |     for(int i=0; [01;35m[Ki < obstacles.size()[m[K; ++i)
      |                  [01;35m[K~~^~~~~~~~~~~~~~~~~~[m[K
[01m[K/home/sanket/Projects/docker_ws/num_opt_ws/src/num_opt_project/bern_traj/src/trajectory_manager.cpp:101:23:[m[K [01;35m[Kwarning: [m[Kcomparison of integer expressions of different signedness: ‘[01m[Kint[m[K’ and ‘[01m[Kstd::vector<Eigen::Matrix<double, 3, 1> >::size_type[m[K’ {aka ‘[01m[Klong unsigned int[m[K’} [[01;35m[K-Wsign-compare[m[K]
  101 |         for(int i=0; [01;35m[Ki<trajState.position.size()[m[K; i++)
      |                      [01;35m[K~^~~~~~~~~~~~~~~~~~~~~~~~~~[m[K
