[0.008s] Invoking command in '/home/sanket/Projects/docker_ws/num_opt_ws/src/num_opt_project/build/bern_traj': AMENT_PREFIX_PATH=/home/sanket/Projects/docker_ws/num_opt_ws/src/num_opt_project/install/uav_msgs:${AMENT_PREFIX_PATH} CMAKE_PREFIX_PATH=/home/sanket/Projects/docker_ws/num_opt_ws/src/num_opt_project/install/uav_msgs:/home/sanket/Projects/docker_ws/num_opt_ws/install/bern_traj:/home/sanket/Projects/docker_ws/num_opt_ws/install/uav_msgs:/opt/ros/humble LD_LIBRARY_PATH=/home/sanket/Projects/docker_ws/num_opt_ws/src/num_opt_project/install/uav_msgs/lib:${LD_LIBRARY_PATH} PYTHONPATH=/home/sanket/Projects/docker_ws/num_opt_ws/src/num_opt_project/install/uav_msgs/local/lib/python3.10/dist-packages:${PYTHONPATH} /usr/bin/cmake /home/sanket/Projects/docker_ws/num_opt_ws/src/num_opt_project/bern_traj -DAMENT_CMAKE_SYMLINK_INSTALL=1 -DCMAKE_INSTALL_PREFIX=/home/sanket/Projects/docker_ws/num_opt_ws/src/num_opt_project/install/bern_traj
[0.047s] -- The C compiler identification is GNU 11.4.0
[0.085s] -- The CXX compiler identification is GNU 11.4.0
[0.090s] -- Detecting C compiler ABI info
[0.140s] -- Detecting C compiler ABI info - done
[0.146s] -- Check for working C compiler: /usr/bin/cc - skipped
[0.146s] -- Detecting C compile features
[0.146s] -- Detecting C compile features - done
[0.148s] -- Detecting CXX compiler ABI info
[0.205s] -- Detecting CXX compiler ABI info - done
[0.210s] -- Check for working CXX compiler: /usr/bin/c++ - skipped
[0.210s] -- Detecting CXX compile features
[0.210s] -- Detecting CXX compile features - done
[0.212s] -- Found ament_cmake: 1.3.11 (/opt/ros/humble/share/ament_cmake/cmake)
[0.318s] -- Found Python3: /usr/bin/python3 (found version "3.10.12") found components: Interpreter 
[0.365s] -- Override CMake install command with custom implementation using symlinks instead of copying resources
[0.393s] -- Found rclcpp: 16.0.11 (/opt/ros/humble/share/rclcpp/cmake)
[0.423s] -- Found rosidl_generator_c: 3.1.6 (/opt/ros/humble/share/rosidl_generator_c/cmake)
[0.425s] -- Found rosidl_adapter: 3.1.6 (/opt/ros/humble/share/rosidl_adapter/cmake)
[0.430s] -- Found rosidl_generator_cpp: 3.1.6 (/opt/ros/humble/share/rosidl_generator_cpp/cmake)
[0.438s] -- Using all available rosidl_typesupport_c: rosidl_typesupport_fastrtps_c;rosidl_typesupport_introspection_c
[0.448s] -- Using all available rosidl_typesupport_cpp: rosidl_typesupport_fastrtps_cpp;rosidl_typesupport_introspection_cpp
[0.482s] -- Found rmw_implementation_cmake: 6.1.2 (/opt/ros/humble/share/rmw_implementation_cmake/cmake)
[0.484s] -- Found rmw_fastrtps_cpp: 6.2.7 (/opt/ros/humble/share/rmw_fastrtps_cpp/cmake)
[0.570s] -- Found OpenSSL: /usr/lib/x86_64-linux-gnu/libcrypto.so (found version "3.0.2")  
[0.598s] -- Found FastRTPS: /opt/ros/humble/include  
[0.640s] -- Using RMW implementation 'rmw_fastrtps_cpp' as default
[0.647s] -- Looking for pthread.h
[0.700s] -- Looking for pthread.h - found
[0.700s] -- Performing Test CMAKE_HAVE_LIBC_PTHREAD
[0.755s] -- Performing Test CMAKE_HAVE_LIBC_PTHREAD - Success
[0.756s] -- Found Threads: TRUE  
[0.803s] -- Found rclpy: 3.3.15 (/opt/ros/humble/share/rclpy/cmake)
[0.814s] -- Found nav_msgs: 4.2.4 (/opt/ros/humble/share/nav_msgs/cmake)
[0.836s] -- Found uav_msgs: 0.0.0 (/home/sanket/Projects/docker_ws/num_opt_ws/src/num_opt_project/install/uav_msgs/share/uav_msgs/cmake)
[0.860s] -- Found ament_lint_auto: 0.12.11 (/opt/ros/humble/share/ament_lint_auto/cmake)
[0.917s] -- Added test 'cppcheck' to perform static code analysis on C / C++ code
[0.917s] -- Configured cppcheck include dirs: /home/sanket/Projects/docker_ws/num_opt_ws/src/num_opt_project/bern_traj/include
[0.917s] -- Configured cppcheck exclude dirs and/or files: 
[0.917s] -- Added test 'flake8' to check Python code syntax and style conventions
[0.918s] -- Added test 'lint_cmake' to check CMake code style
[0.918s] -- Added test 'pep257' to check Python code against some of the docstring style conventions in PEP 257
[0.919s] -- Added test 'uncrustify' to check C / C++ code style
[0.919s] -- Configured uncrustify additional arguments: 
[0.920s] -- Added test 'xmllint' to check XML markup files
[0.921s] -- Configuring done
[0.927s] [0mWARNING: Target "trjectoryLibNumOpt" requests linking to directory "/usr/local/include".  Targets may link only to libraries.  CMake is dropping the item.[0m
[0.930s] [0mWARNING: Target "trajectory_manager_num_opt" requests linking to directory "/usr/local/include".  Targets may link only to libraries.  CMake is dropping the item.[0m
[0.931s] -- Generating done
[0.935s] -- Build files have been written to: /home/sanket/Projects/docker_ws/num_opt_ws/src/num_opt_project/build/bern_traj
[0.942s] Invoked command in '/home/sanket/Projects/docker_ws/num_opt_ws/src/num_opt_project/build/bern_traj' returned '0': AMENT_PREFIX_PATH=/home/sanket/Projects/docker_ws/num_opt_ws/src/num_opt_project/install/uav_msgs:${AMENT_PREFIX_PATH} CMAKE_PREFIX_PATH=/home/sanket/Projects/docker_ws/num_opt_ws/src/num_opt_project/install/uav_msgs:/home/sanket/Projects/docker_ws/num_opt_ws/install/bern_traj:/home/sanket/Projects/docker_ws/num_opt_ws/install/uav_msgs:/opt/ros/humble LD_LIBRARY_PATH=/home/sanket/Projects/docker_ws/num_opt_ws/src/num_opt_project/install/uav_msgs/lib:${LD_LIBRARY_PATH} PYTHONPATH=/home/sanket/Projects/docker_ws/num_opt_ws/src/num_opt_project/install/uav_msgs/local/lib/python3.10/dist-packages:${PYTHONPATH} /usr/bin/cmake /home/sanket/Projects/docker_ws/num_opt_ws/src/num_opt_project/bern_traj -DAMENT_CMAKE_SYMLINK_INSTALL=1 -DCMAKE_INSTALL_PREFIX=/home/sanket/Projects/docker_ws/num_opt_ws/src/num_opt_project/install/bern_traj
[0.943s] Invoking command in '/home/sanket/Projects/docker_ws/num_opt_ws/src/num_opt_project/build/bern_traj': AMENT_PREFIX_PATH=/home/sanket/Projects/docker_ws/num_opt_ws/src/num_opt_project/install/uav_msgs:${AMENT_PREFIX_PATH} CMAKE_PREFIX_PATH=/home/sanket/Projects/docker_ws/num_opt_ws/src/num_opt_project/install/uav_msgs:/home/sanket/Projects/docker_ws/num_opt_ws/install/bern_traj:/home/sanket/Projects/docker_ws/num_opt_ws/install/uav_msgs:/opt/ros/humble LD_LIBRARY_PATH=/home/sanket/Projects/docker_ws/num_opt_ws/src/num_opt_project/install/uav_msgs/lib:${LD_LIBRARY_PATH} PYTHONPATH=/home/sanket/Projects/docker_ws/num_opt_ws/src/num_opt_project/install/uav_msgs/local/lib/python3.10/dist-packages:${PYTHONPATH} /usr/bin/cmake --build /home/sanket/Projects/docker_ws/num_opt_ws/src/num_opt_project/build/bern_traj -- -j16 -l16
[0.978s] [ 25%] [32mBuilding CXX object CMakeFiles/trjectoryLibNumOpt.dir/src/bernstein_trajectory.cpp.o[0m
[3.000s] [01m[K/home/sanket/Projects/docker_ws/num_opt_ws/src/num_opt_project/bern_traj/src/bernstein_trajectory.cpp:[m[K In member function ‘[01m[Kvirtual bool BernsteinTrajectory::initialize(const std::vector<Waypoint>*, const std::vector<Obstacle>*, nav_msgs::msg::Odometry_<std::allocator<void> >::ConstSharedPtr)[m[K’:
[3.000s] [01m[K/home/sanket/Projects/docker_ws/num_opt_ws/src/num_opt_project/bern_traj/src/bernstein_trajectory.cpp:78:29:[m[K [01;35m[Kwarning: [m[Kvariable ‘[01m[Kp_[m[K’ set but not used [[01;35m[K-Wunused-but-set-variable[m[K]
[3.000s]    78 |             Eigen::Vector3f [01;35m[Kp_[m[K = wp0.position + (wp1.position - wp0.position) * temp_;
[3.000s]       |                             [01;35m[K^~[m[K
[3.014s] [01m[K/home/sanket/Projects/docker_ws/num_opt_ws/src/num_opt_project/bern_traj/src/bernstein_trajectory.cpp:43:83:[m[K [01;35m[Kwarning: [m[Kunused parameter ‘[01m[Kmsg[m[K’ [[01;35m[K-Wunused-parameter[m[K]
[3.014s]    43 |                                     [01;35m[Kconst nav_msgs::msg::Odometry::ConstSharedPtr msg[m[K)
[3.014s]       |                                     [01;35m[K~~~~~~~~~~~~~~~~~~~~~~~~~~~~~~~~~~~~~~~~~~~~~~^~~[m[K
[3.212s] [01m[K/home/sanket/Projects/docker_ws/num_opt_ws/src/num_opt_project/bern_traj/src/bernstein_trajectory.cpp:[m[K In member function ‘[01m[Kvirtual bool BernsteinTrajectory::generateTrajectory(const Vector3f&, const Vector3f&, const Vector3f&, const Vector3f&, const Vector3f&, const Vector3f&, const float&, const float&, const float&, const float&, float)[m[K’:
[3.212s] [01m[K/home/sanket/Projects/docker_ws/num_opt_ws/src/num_opt_project/bern_traj/src/bernstein_trajectory.cpp:146:69:[m[K [01;35m[Kwarning: [m[Kunused parameter ‘[01m[Kxi[m[K’ [[01;35m[K-Wunused-parameter[m[K]
[3.213s]   146 | bool BernsteinTrajectory::generateTrajectory([01;35m[Kconst Eigen::Vector3f &xi[m[K, const Eigen::Vector3f &xf,
[3.213s]       |                                              [01;35m[K~~~~~~~~~~~~~~~~~~~~~~~^~[m[K
[3.213s] [01m[K/home/sanket/Projects/docker_ws/num_opt_ws/src/num_opt_project/bern_traj/src/bernstein_trajectory.cpp:146:96:[m[K [01;35m[Kwarning: [m[Kunused parameter ‘[01m[Kxf[m[K’ [[01;35m[K-Wunused-parameter[m[K]
[3.213s]   146 | BernsteinTrajectory::generateTrajectory(const Eigen::Vector3f &xi, [01;35m[Kconst Eigen::Vector3f &xf[m[K,
[3.213s]       |                                                                    [01;35m[K~~~~~~~~~~~~~~~~~~~~~~~^~[m[K
[3.213s] 
[3.213s] [01m[K/home/sanket/Projects/docker_ws/num_opt_ws/src/num_opt_project/bern_traj/src/bernstein_trajectory.cpp:147:56:[m[K [01;35m[Kwarning: [m[Kunused parameter ‘[01m[Kvi[m[K’ [[01;35m[K-Wunused-parameter[m[K]
[3.213s]   147 |                                 [01;35m[Kconst Eigen::Vector3f &vi[m[K, const Eigen::Vector3f &vf,
[3.213s]       |                                 [01;35m[K~~~~~~~~~~~~~~~~~~~~~~~^~[m[K
[3.213s] [01m[K/home/sanket/Projects/docker_ws/num_opt_ws/src/num_opt_project/bern_traj/src/bernstein_trajectory.cpp:147:83:[m[K [01;35m[Kwarning: [m[Kunused parameter ‘[01m[Kvf[m[K’ [[01;35m[K-Wunused-parameter[m[K]
[3.213s]   147 |                                 const Eigen::Vector3f &vi, [01;35m[Kconst Eigen::Vector3f &vf[m[K,
[3.213s]       |                                                            [01;35m[K~~~~~~~~~~~~~~~~~~~~~~~^~[m[K
[3.213s] [01m[K/home/sanket/Projects/docker_ws/num_opt_ws/src/num_opt_project/bern_traj/src/bernstein_trajectory.cpp:148:56:[m[K [01;35m[Kwarning: [m[Kunused parameter ‘[01m[Kai[m[K’ [[01;35m[K-Wunused-parameter[m[K]
[3.213s]   148 |                                 [01;35m[Kconst Eigen::Vector3f &ai[m[K, const Eigen::Vector3f &af,
[3.213s]       |                                 [01;35m[K~~~~~~~~~~~~~~~~~~~~~~~^~[m[K
[3.213s] [01m[K/home/sanket/Projects/docker_ws/num_opt_ws/src/num_opt_project/bern_traj/src/bernstein_trajectory.cpp:148:83:[m[K [01;35m[Kwarning: [m[Kunused parameter ‘[01m[Kaf[m[K’ [[01;35m[K-Wunused-parameter[m[K]
[3.213s]   148 |                                 const Eigen::Vector3f &ai, [01;35m[Kconst Eigen::Vector3f &af[m[K,
[3.213s]       |                                                            [01;35m[K~~~~~~~~~~~~~~~~~~~~~~~^~[m[K
[3.213s] [01m[K/home/sanket/Projects/docker_ws/num_opt_ws/src/num_opt_project/bern_traj/src/bernstein_trajectory.cpp:149:46:[m[K [01;35m[Kwarning: [m[Kunused parameter ‘[01m[Kyaw_i[m[K’ [[01;35m[K-Wunused-parameter[m[K]
[3.213s]   149 |                                 [01;35m[Kconst float &yaw_i[m[K, const float &yaw_f,
[3.213s]       |                                 [01;35m[K~~~~~~~~~~~~~^~~~~[m[K
[3.213s] [01m[K/home/sanket/Projects/docker_ws/num_opt_ws/src/num_opt_project/bern_traj/src/bernstein_trajectory.cpp:149:66:[m[K [01;35m[Kwarning: [m[Kunused parameter ‘[01m[Kyaw_f[m[K’ [[01;35m[K-Wunused-parameter[m[K]
[3.214s]   149 |                                 const float &yaw_i, [01;35m[Kconst float &yaw_f[m[K,
[3.214s]       |                                                     [01;35m[K~~~~~~~~~~~~~^~~~~[m[K
[3.214s] [01m[K/home/sanket/Projects/docker_ws/num_opt_ws/src/num_opt_project/bern_traj/src/bernstein_trajectory.cpp:150:46:[m[K [01;35m[Kwarning: [m[Kunused parameter ‘[01m[Kyaw_dot_i[m[K’ [[01;35m[K-Wunused-parameter[m[K]
[3.214s]   150 |                                 [01;35m[Kconst float &yaw_dot_i[m[K, const float &yaw_dot_f,
[3.214s]       |                                 [01;35m[K~~~~~~~~~~~~~^~~~~~~~~[m[K
[3.214s] [01m[K/home/sanket/Projects/docker_ws/num_opt_ws/src/num_opt_project/bern_traj/src/bernstein_trajectory.cpp:150:70:[m[K [01;35m[Kwarning: [m[Kunused parameter ‘[01m[Kyaw_dot_f[m[K’ [[01;35m[K-Wunused-parameter[m[K]
[3.214s]   150 |                                 const float &yaw_dot_i, [01;35m[Kconst float &yaw_dot_f[m[K,
[3.214s]       |                                                         [01;35m[K~~~~~~~~~~~~~^~~~~~~~~[m[K
[3.214s] [01m[K/home/sanket/Projects/docker_ws/num_opt_ws/src/num_opt_project/bern_traj/src/bernstein_trajectory.cpp:151:39:[m[K [01;35m[Kwarning: [m[Kunused parameter ‘[01m[Kdt[m[K’ [[01;35m[K-Wunused-parameter[m[K]
[3.214s]   151 |                                 [01;35m[Kfloat dt[m[K)
[3.214s]       |                                 [01;35m[K~~~~~~^~[m[K
[3.214s] [01m[K/home/sanket/Projects/docker_ws/num_opt_ws/src/num_opt_project/bern_traj/src/bernstein_trajectory.cpp:[m[K In member function ‘[01m[Kvirtual uav_msgs::msg::PositionCmd_<std::allocator<void> >::SharedPtr BernsteinTrajectory::update(nav_msgs::msg::Odometry_<std::allocator<void> >::ConstSharedPtr)[m[K’:
[3.214s] [01m[K/home/sanket/Projects/docker_ws/num_opt_ws/src/num_opt_project/bern_traj/src/bernstein_trajectory.cpp:158:113:[m[K [01;35m[Kwarning: [m[Kunused parameter ‘[01m[Kmsg[m[K’ [[01;35m[K-Wunused-parameter[m[K]
[3.214s]   158 | Cmd::SharedPtr BernsteinTrajectory::update([01;35m[Kconst nav_msgs::msg::Odometry::ConstSharedPtr msg[m[K)
[3.214s]       |                                            [01;35m[K~~~~~~~~~~~~~~~~~~~~~~~~~~~~~~~~~~~~~~~~~~~~~~^~~[m[K
[3.215s] 
[3.220s] [01m[K/home/sanket/Projects/docker_ws/num_opt_ws/src/num_opt_project/bern_traj/src/bernstein_trajectory.cpp:[m[K In member function ‘[01m[Kvirtual Eigen::Vector3d BernsteinTrajectory::getRefPosition(double&)[m[K’:
[3.220s] [01m[K/home/sanket/Projects/docker_ws/num_opt_ws/src/num_opt_project/bern_traj/src/bernstein_trajectory.cpp:170:61:[m[K [01;35m[Kwarning: [m[Kunused parameter ‘[01m[Ktime_[m[K’ [[01;35m[K-Wunused-parameter[m[K]
[3.220s]   170 | Eigen::Vector3d BernsteinTrajectory::getRefPosition([01;35m[Kdouble &time_[m[K)
[3.220s]       |                                                     [01;35m[K~~~~~~~~^~~~~[m[K
[3.220s] [01m[K/home/sanket/Projects/docker_ws/num_opt_ws/src/num_opt_project/bern_traj/src/bernstein_trajectory.cpp:[m[K In member function ‘[01m[Kvirtual Eigen::Vector3d BernsteinTrajectory::getRefVelocity(double&)[m[K’:
[3.220s] [01m[K/home/sanket/Projects/docker_ws/num_opt_ws/src/num_opt_project/bern_traj/src/bernstein_trajectory.cpp:175:61:[m[K [01;35m[Kwarning: [m[Kunused parameter ‘[01m[Ktime_[m[K’ [[01;35m[K-Wunused-parameter[m[K]
[3.220s]   175 | Eigen::Vector3d BernsteinTrajectory::getRefVelocity([01;35m[Kdouble &time_[m[K)
[3.220s]       |                                                     [01;35m[K~~~~~~~~^~~~~[m[K
[3.220s] [01m[K/home/sanket/Projects/docker_ws/num_opt_ws/src/num_opt_project/bern_traj/src/bernstein_trajectory.cpp:[m[K In member function ‘[01m[Kvirtual Eigen::Vector3d BernsteinTrajectory::getRefAcceleration(double&)[m[K’:
[3.220s] [01m[K/home/sanket/Projects/docker_ws/num_opt_ws/src/num_opt_project/bern_traj/src/bernstein_trajectory.cpp:180:65:[m[K [01;35m[Kwarning: [m[Kunused parameter ‘[01m[Ktime_[m[K’ [[01;35m[K-Wunused-parameter[m[K]
[3.221s]   180 | Eigen::Vector3d BernsteinTrajectory::getRefAcceleration([01;35m[Kdouble &time_[m[K)
[3.221s]       |                                                         [01;35m[K~~~~~~~~^~~~~[m[K
[3.221s] [01m[K/home/sanket/Projects/docker_ws/num_opt_ws/src/num_opt_project/bern_traj/src/bernstein_trajectory.cpp:[m[K In member function ‘[01m[Kvirtual Eigen::Vector3d BernsteinTrajectory::getRefJerk(double&)[m[K’:
[3.221s] [01m[K/home/sanket/Projects/docker_ws/num_opt_ws/src/num_opt_project/bern_traj/src/bernstein_trajectory.cpp:185:57:[m[K [01;35m[Kwarning: [m[Kunused parameter ‘[01m[Ktime_[m[K’ [[01;35m[K-Wunused-parameter[m[K]
[3.221s]   185 | Eigen::Vector3d BernsteinTrajectory::getRefJerk([01;35m[Kdouble &time_[m[K)
[3.221s]       |                                                 [01;35m[K~~~~~~~~^~~~~[m[K
[3.338s] [01m[K/home/sanket/Projects/docker_ws/num_opt_ws/src/num_opt_project/bern_traj/src/bernstein_trajectory.cpp:[m[K In member function ‘[01m[KQPIneqConstraints BernsteinTrajectory::generateIneqConstraint(int&, const std::vector<Waypoint>*)[m[K’:
[3.338s] [01m[K/home/sanket/Projects/docker_ws/num_opt_ws/src/num_opt_project/bern_traj/src/bernstein_trajectory.cpp:623:109:[m[K [01;35m[Kwarning: [m[Kunused parameter ‘[01m[Kgoal_wp[m[K’ [[01;35m[K-Wunused-parameter[m[K]
[3.338s]   623 | teinTrajectory::generateIneqConstraint(int &dimension_, [01;35m[Kconst std::vector<Waypoint> *goal_wp[m[K)
[3.338s]       |                                                         [01;35m[K~~~~~~~~~~~~~~~~~~~~~~~~~~~~~^~~~~~~[m[K
[3.338s] 
[3.353s] [01m[K/home/sanket/Projects/docker_ws/num_opt_ws/src/num_opt_project/bern_traj/src/bernstein_trajectory.cpp:[m[K In member function ‘[01m[Kbool BernsteinTrajectory::threadOSQPSolver(Eigen::MatrixXd&, QPEqConstraints&, QPIneqConstraints&)[m[K’:
[3.353s] [01m[K/home/sanket/Projects/docker_ws/num_opt_ws/src/num_opt_project/bern_traj/src/bernstein_trajectory.cpp:887:61:[m[K [01;35m[Kwarning: [m[Kunused parameter ‘[01m[KQ[m[K’ [[01;35m[K-Wunused-parameter[m[K]
[3.353s]   887 | bool BernsteinTrajectory::threadOSQPSolver([01;35m[KEigen::MatrixXd &Q[m[K, QPEqConstraints &eq_constraints,
[3.353s]       |                                            [01;35m[K~~~~~~~~~~~~~~~~~^[m[K
[3.353s] [01m[K/home/sanket/Projects/docker_ws/num_opt_ws/src/num_opt_project/bern_traj/src/bernstein_trajectory.cpp:887:81:[m[K [01;35m[Kwarning: [m[Kunused parameter ‘[01m[Keq_constraints[m[K’ [[01;35m[K-Wunused-parameter[m[K]
[3.353s]   887 | bool BernsteinTrajectory::threadOSQPSolver(Eigen::MatrixXd &Q, [01;35m[KQPEqConstraints &eq_constraints[m[K,
[3.353s]       |                                                                [01;35m[K~~~~~~~~~~~~~~~~~^~~~~~~~~~~~~~[m[K
[3.353s] [01m[K/home/sanket/Projects/docker_ws/num_opt_ws/src/num_opt_project/bern_traj/src/bernstein_trajectory.cpp:888:64:[m[K [01;35m[Kwarning: [m[Kunused parameter ‘[01m[Kineq_constraints[m[K’ [[01;35m[K-Wunused-parameter[m[K]
[3.353s]   888 |                                             [01;35m[KQPIneqConstraints &ineq_constraints[m[K)//, rclcpp::Node::SharedPtr node_ptr)
[3.353s]       |                                             [01;35m[K~~~~~~~~~~~~~~~~~~~^~~~~~~~~~~~~~~~[m[K
[3.353s] [01m[K/home/sanket/Projects/docker_ws/num_opt_ws/src/num_opt_project/bern_traj/src/bernstein_trajectory.cpp:[m[K In member function ‘[01m[Kbool BernsteinTrajectory::combOSQPSolver(Eigen::MatrixXd&, QPEqConstraints&, QPIneqConstraints&)[m[K’:
[3.353s] [01m[K/home/sanket/Projects/docker_ws/num_opt_ws/src/num_opt_project/bern_traj/src/bernstein_trajectory.cpp:923:15:[m[K [01;35m[Kwarning: [m[KISO C++ forbids variable length array ‘[01m[Kl[m[K’ [[01;35m[K-Wvla[m[K]
[3.353s]   923 |     OSQPFloat [01;35m[Kl[m[K[m]; // lower bound of constraints
[3.353s]       |               [01;35m[K^[m[K
[3.353s] [01m[K/home/sanket/Projects/docker_ws/num_opt_ws/src/num_opt_project/bern_traj/src/bernstein_trajectory.cpp:924:15:[m[K [01;35m[Kwarning: [m[KISO C++ forbids variable length array ‘[01m[Ku[m[K’ [[01;35m[K-Wvla[m[K]
[3.353s]   924 |     OSQPFloat [01;35m[Ku[m[K[m]; // upper bound of constraints
[3.353s]       |               [01;35m[K^[m[K
[3.354s] [01m[K/home/sanket/Projects/docker_ws/num_opt_ws/src/num_opt_project/bern_traj/src/bernstein_trajectory.cpp:942:15:[m[K [01;35m[Kwarning: [m[KISO C++ forbids variable length array ‘[01m[Kq[m[K’ [[01;35m[K-Wvla[m[K]
[3.354s]   942 |     OSQPFloat [01;35m[Kq[m[K[bernCoeffComb.size()];
[3.354s]       |               [01;35m[K^[m[K
[3.361s] [01m[K/home/sanket/Projects/docker_ws/num_opt_ws/src/num_opt_project/bern_traj/src/bernstein_trajectory.cpp:954:15:[m[K [01;35m[Kwarning: [m[KISO C++ forbids variable length array ‘[01m[KP_x[m[K’ [[01;35m[K-Wvla[m[K]
[3.361s]   954 |     OSQPFloat [01;35m[KP_x[m[K[P_nnz]; // values of non-zero elements in P_sparse
[3.361s]       |               [01;35m[K^~~[m[K
[3.361s] [01m[K/home/sanket/Projects/docker_ws/num_opt_ws/src/num_opt_project/bern_traj/src/bernstein_trajectory.cpp:955:13:[m[K [01;35m[Kwarning: [m[KISO C++ forbids variable length array ‘[01m[KP_i[m[K’ [[01;35m[K-Wvla[m[K]
[3.361s]   955 |     OSQPInt [01;35m[KP_i[m[K[P_nnz]; // row index of non-zero elements in P_sparse
[3.361s]       |             [01;35m[K^~~[m[K
[3.361s] [01m[K/home/sanket/Projects/docker_ws/num_opt_ws/src/num_opt_project/bern_traj/src/bernstein_trajectory.cpp:956:13:[m[K [01;35m[Kwarning: [m[KISO C++ forbids variable length array ‘[01m[KP_p[m[K’ [[01;35m[K-Wvla[m[K]
[3.361s]   956 |     OSQPInt [01;35m[KP_p[m[K[P_sparse.outerSize() + 1]; // column pointer of non-zero elements in P_sparse
[3.361s]       |             [01;35m[K^~~[m[K
[3.362s] [01m[K/home/sanket/Projects/docker_ws/num_opt_ws/src/num_opt_project/bern_traj/src/bernstein_trajectory.cpp:974:15:[m[K [01;35m[Kwarning: [m[KISO C++ forbids variable length array ‘[01m[KA_x[m[K’ [[01;35m[K-Wvla[m[K]
[3.362s]   974 |     OSQPFloat [01;35m[KA_x[m[K[A_nnz];
[3.362s]       |               [01;35m[K^~~[m[K
[3.362s] [01m[K/home/sanket/Projects/docker_ws/num_opt_ws/src/num_opt_project/bern_traj/src/bernstein_trajectory.cpp:975:13:[m[K [01;35m[Kwarning: [m[KISO C++ forbids variable length array ‘[01m[KA_i[m[K’ [[01;35m[K-Wvla[m[K]
[3.362s]   975 |     OSQPInt [01;35m[KA_i[m[K[A_nnz];
[3.362s]       |             [01;35m[K^~~[m[K
[3.362s] [01m[K/home/sanket/Projects/docker_ws/num_opt_ws/src/num_opt_project/bern_traj/src/bernstein_trajectory.cpp:976:13:[m[K [01;35m[Kwarning: [m[KISO C++ forbids variable length array ‘[01m[KA_p[m[K’ [[01;35m[K-Wvla[m[K]
[3.362s]   976 |     OSQPInt [01;35m[KA_p[m[K[A_sparse.outerSize() + 1];
[3.362s]       |             [01;35m[K^~~[m[K
[3.364s] [01m[K/home/sanket/Projects/docker_ws/num_opt_ws/src/num_opt_project/bern_traj/src/bernstein_trajectory.cpp:[m[K In member function ‘[01m[Kdouble BernsteinTrajectory::getBernstein(int, int, double)[m[K’:
[3.364s] [01m[K/home/sanket/Projects/docker_ws/num_opt_ws/src/num_opt_project/bern_traj/src/bernstein_trajectory.cpp:1089:46:[m[K [01;35m[Kwarning: [m[Kunused parameter ‘[01m[Kn[m[K’ [[01;35m[K-Wunused-parameter[m[K]
[3.364s]  1089 | double BernsteinTrajectory::getBernstein([01;35m[Kint n[m[K, int r, double time)
[3.364s]       |                                          [01;35m[K~~~~^[m[K
[3.364s] [01m[K/home/sanket/Projects/docker_ws/num_opt_ws/src/num_opt_project/bern_traj/src/bernstein_trajectory.cpp:1089:53:[m[K [01;35m[Kwarning: [m[Kunused parameter ‘[01m[Kr[m[K’ [[01;35m[K-Wunused-parameter[m[K]
[3.364s]  1089 | double BernsteinTrajectory::getBernstein(int n, [01;35m[Kint r[m[K, double time)
[3.364s]       |                                                 [01;35m[K~~~~^[m[K
[3.364s] [01m[K/home/sanket/Projects/docker_ws/num_opt_ws/src/num_opt_project/bern_traj/src/bernstein_trajectory.cpp:1089:63:[m[K [01;35m[Kwarning: [m[Kunused parameter ‘[01m[Ktime[m[K’ [[01;35m[K-Wunused-parameter[m[K]
[3.364s]  1089 | double BernsteinTrajectory::getBernstein(int n, int r, [01;35m[Kdouble time[m[K)
[3.364s]       |                                                        [01;35m[K~~~~~~~^~~~[m[K
[3.364s] [01m[K/home/sanket/Projects/docker_ws/num_opt_ws/src/num_opt_project/bern_traj/src/bernstein_trajectory.cpp:[m[K In member function ‘[01m[Kdouble BernsteinTrajectory::getSegmentTime(int)[m[K’:
[3.364s] [01m[K/home/sanket/Projects/docker_ws/num_opt_ws/src/num_opt_project/bern_traj/src/bernstein_trajectory.cpp:1100:48:[m[K [01;35m[Kwarning: [m[Kunused parameter ‘[01m[KsegIdx_[m[K’ [[01;35m[K-Wunused-parameter[m[K]
[3.364s]  1100 | double BernsteinTrajectory::getSegmentTime([01;35m[Kint segIdx_[m[K)
[3.364s]       |                                            [01;35m[K~~~~^~~~~~~[m[K
[5.628s] [ 50%] [32m[1mLinking CXX shared library libtrjectoryLibNumOpt.so[0m
[5.793s] [ 50%] Built target trjectoryLibNumOpt
[5.808s] [ 75%] [32mBuilding CXX object CMakeFiles/trajectory_manager_num_opt.dir/src/trajectory_manager.cpp.o[0m
[7.761s] [01m[K/home/sanket/Projects/docker_ws/num_opt_ws/src/num_opt_project/bern_traj/src/trajectory_manager.cpp:[m[K In member function ‘[01m[Kvoid TrajectoryManager::initializeTrajectory()[m[K’:
[7.761s] [01m[K/home/sanket/Projects/docker_ws/num_opt_ws/src/num_opt_project/bern_traj/src/trajectory_manager.cpp:73:20:[m[K [01;35m[Kwarning: [m[Kcomparison of integer expressions of different signedness: ‘[01m[Kint[m[K’ and ‘[01m[Kstd::vector<Obstacle>::size_type[m[K’ {aka ‘[01m[Klong unsigned int[m[K’} [[01;35m[K-Wsign-compare[m[K]
[7.761s]    73 |     for(int i=0; [01;35m[Ki < obstacles.size()[m[K; ++i)
[7.761s]       |                  [01;35m[K~~^~~~~~~~~~~~~~~~~~[m[K
[7.763s] [01m[K/home/sanket/Projects/docker_ws/num_opt_ws/src/num_opt_project/bern_traj/src/trajectory_manager.cpp:101:23:[m[K [01;35m[Kwarning: [m[Kcomparison of integer expressions of different signedness: ‘[01m[Kint[m[K’ and ‘[01m[Kstd::vector<Eigen::Matrix<double, 3, 1> >::size_type[m[K’ {aka ‘[01m[Klong unsigned int[m[K’} [[01;35m[K-Wsign-compare[m[K]
[7.763s]   101 |         for(int i=0; [01;35m[Ki<trajState.position.size()[m[K; i++)
[7.763s]       |                      [01;35m[K~^~~~~~~~~~~~~~~~~~~~~~~~~~[m[K
[9.658s] [100%] [32m[1mLinking CXX executable trajectory_manager_num_opt[0m
[9.838s] [100%] Built target trajectory_manager_num_opt
[9.846s] Invoked command in '/home/sanket/Projects/docker_ws/num_opt_ws/src/num_opt_project/build/bern_traj' returned '0': AMENT_PREFIX_PATH=/home/sanket/Projects/docker_ws/num_opt_ws/src/num_opt_project/install/uav_msgs:${AMENT_PREFIX_PATH} CMAKE_PREFIX_PATH=/home/sanket/Projects/docker_ws/num_opt_ws/src/num_opt_project/install/uav_msgs:/home/sanket/Projects/docker_ws/num_opt_ws/install/bern_traj:/home/sanket/Projects/docker_ws/num_opt_ws/install/uav_msgs:/opt/ros/humble LD_LIBRARY_PATH=/home/sanket/Projects/docker_ws/num_opt_ws/src/num_opt_project/install/uav_msgs/lib:${LD_LIBRARY_PATH} PYTHONPATH=/home/sanket/Projects/docker_ws/num_opt_ws/src/num_opt_project/install/uav_msgs/local/lib/python3.10/dist-packages:${PYTHONPATH} /usr/bin/cmake --build /home/sanket/Projects/docker_ws/num_opt_ws/src/num_opt_project/build/bern_traj -- -j16 -l16
[9.848s] Invoking command in '/home/sanket/Projects/docker_ws/num_opt_ws/src/num_opt_project/build/bern_traj': AMENT_PREFIX_PATH=/home/sanket/Projects/docker_ws/num_opt_ws/src/num_opt_project/install/uav_msgs:${AMENT_PREFIX_PATH} CMAKE_PREFIX_PATH=/home/sanket/Projects/docker_ws/num_opt_ws/src/num_opt_project/install/uav_msgs:/home/sanket/Projects/docker_ws/num_opt_ws/install/bern_traj:/home/sanket/Projects/docker_ws/num_opt_ws/install/uav_msgs:/opt/ros/humble LD_LIBRARY_PATH=/home/sanket/Projects/docker_ws/num_opt_ws/src/num_opt_project/install/uav_msgs/lib:${LD_LIBRARY_PATH} PYTHONPATH=/home/sanket/Projects/docker_ws/num_opt_ws/src/num_opt_project/install/uav_msgs/local/lib/python3.10/dist-packages:${PYTHONPATH} /usr/bin/cmake --install /home/sanket/Projects/docker_ws/num_opt_ws/src/num_opt_project/build/bern_traj
[9.853s] -- Install configuration: ""
[9.854s] -- Execute custom install script
[9.854s] -- Symlinking: /home/sanket/Projects/docker_ws/num_opt_ws/src/num_opt_project/install/bern_traj/lib/bern_traj/libtrjectoryLibNumOpt.so
[9.859s] -- Symlinking: /home/sanket/Projects/docker_ws/num_opt_ws/src/num_opt_project/install/bern_traj/lib/bern_traj/trajectory_manager_num_opt
[9.865s] -- Symlinking: /home/sanket/Projects/docker_ws/num_opt_ws/src/num_opt_project/install/bern_traj/include/bern_traj/admm.hpp
[9.871s] -- Symlinking: /home/sanket/Projects/docker_ws/num_opt_ws/src/num_opt_project/install/bern_traj/include/bern_traj/bernstein_trajectory.hpp
[9.876s] -- Symlinking: /home/sanket/Projects/docker_ws/num_opt_ws/src/num_opt_project/install/bern_traj/include/bern_traj/obstacle.h
[9.882s] -- Symlinking: /home/sanket/Projects/docker_ws/num_opt_ws/src/num_opt_project/install/bern_traj/include/bern_traj/trajectory.h
[9.888s] -- Symlinking: /home/sanket/Projects/docker_ws/num_opt_ws/src/num_opt_project/install/bern_traj/include/bern_traj/trajectory_manager.hpp
[9.894s] -- Symlinking: /home/sanket/Projects/docker_ws/num_opt_ws/src/num_opt_project/install/bern_traj/include/bern_traj/waypoint.h
[9.900s] -- Symlinking: /home/sanket/Projects/docker_ws/num_opt_ws/src/num_opt_project/install/bern_traj/share/bern_traj/launch/multi_traj_launch.py
[9.906s] -- Symlinking: /home/sanket/Projects/docker_ws/num_opt_ws/src/num_opt_project/install/bern_traj/share/bern_traj/config/multi_traj_params.yaml
[9.911s] -- Symlinking: /home/sanket/Projects/docker_ws/num_opt_ws/src/num_opt_project/install/bern_traj/share/ament_index/resource_index/package_run_dependencies/bern_traj
[9.915s] -- Symlinking: /home/sanket/Projects/docker_ws/num_opt_ws/src/num_opt_project/install/bern_traj/share/ament_index/resource_index/parent_prefix_path/bern_traj
[9.921s] -- Symlinking: /home/sanket/Projects/docker_ws/num_opt_ws/src/num_opt_project/install/bern_traj/share/bern_traj/environment/ament_prefix_path.sh
[9.927s] -- Symlinking: /home/sanket/Projects/docker_ws/num_opt_ws/src/num_opt_project/install/bern_traj/share/bern_traj/environment/ament_prefix_path.dsv
[9.933s] -- Symlinking: /home/sanket/Projects/docker_ws/num_opt_ws/src/num_opt_project/install/bern_traj/share/bern_traj/environment/path.sh
[9.938s] -- Symlinking: /home/sanket/Projects/docker_ws/num_opt_ws/src/num_opt_project/install/bern_traj/share/bern_traj/environment/path.dsv
[9.942s] -- Symlinking: /home/sanket/Projects/docker_ws/num_opt_ws/src/num_opt_project/install/bern_traj/share/bern_traj/local_setup.bash
[9.948s] -- Symlinking: /home/sanket/Projects/docker_ws/num_opt_ws/src/num_opt_project/install/bern_traj/share/bern_traj/local_setup.sh
[9.954s] -- Symlinking: /home/sanket/Projects/docker_ws/num_opt_ws/src/num_opt_project/install/bern_traj/share/bern_traj/local_setup.zsh
[9.959s] -- Symlinking: /home/sanket/Projects/docker_ws/num_opt_ws/src/num_opt_project/install/bern_traj/share/bern_traj/local_setup.dsv
[9.964s] -- Symlinking: /home/sanket/Projects/docker_ws/num_opt_ws/src/num_opt_project/install/bern_traj/share/bern_traj/package.dsv
[9.968s] -- Symlinking: /home/sanket/Projects/docker_ws/num_opt_ws/src/num_opt_project/install/bern_traj/share/ament_index/resource_index/packages/bern_traj
[9.975s] -- Symlinking: /home/sanket/Projects/docker_ws/num_opt_ws/src/num_opt_project/install/bern_traj/share/bern_traj/cmake/bern_trajConfig.cmake
[9.979s] -- Symlinking: /home/sanket/Projects/docker_ws/num_opt_ws/src/num_opt_project/install/bern_traj/share/bern_traj/cmake/bern_trajConfig-version.cmake
[9.984s] -- Symlinking: /home/sanket/Projects/docker_ws/num_opt_ws/src/num_opt_project/install/bern_traj/share/bern_traj/package.xml
[9.992s] Invoked command in '/home/sanket/Projects/docker_ws/num_opt_ws/src/num_opt_project/build/bern_traj' returned '0': AMENT_PREFIX_PATH=/home/sanket/Projects/docker_ws/num_opt_ws/src/num_opt_project/install/uav_msgs:${AMENT_PREFIX_PATH} CMAKE_PREFIX_PATH=/home/sanket/Projects/docker_ws/num_opt_ws/src/num_opt_project/install/uav_msgs:/home/sanket/Projects/docker_ws/num_opt_ws/install/bern_traj:/home/sanket/Projects/docker_ws/num_opt_ws/install/uav_msgs:/opt/ros/humble LD_LIBRARY_PATH=/home/sanket/Projects/docker_ws/num_opt_ws/src/num_opt_project/install/uav_msgs/lib:${LD_LIBRARY_PATH} PYTHONPATH=/home/sanket/Projects/docker_ws/num_opt_ws/src/num_opt_project/install/uav_msgs/local/lib/python3.10/dist-packages:${PYTHONPATH} /usr/bin/cmake --install /home/sanket/Projects/docker_ws/num_opt_ws/src/num_opt_project/build/bern_traj
