-- The C compiler identification is GNU 11.4.0
-- The CXX compiler identification is GNU 11.4.0
-- Detecting C compiler ABI info
-- Detecting C compiler ABI info - done
-- Check for working C compiler: /usr/bin/cc - skipped
-- Detecting C compile features
-- Detecting C compile features - done
-- Detecting CXX compiler ABI info
-- Detecting CXX compiler ABI info - done
-- Check for working CXX compiler: /usr/bin/c++ - skipped
-- Detecting CXX compile features
-- Detecting CXX compile features - done
-- Found ament_cmake: 1.3.11 (/opt/ros/humble/share/ament_cmake/cmake)
-- Found Python3: /usr/bin/python3 (found version "3.10.12") found components: Interpreter 
-- Override CMake install command with custom implementation using symlinks instead of copying resources
-- Found rosidl_default_generators: 1.2.0 (/opt/ros/humble/share/rosidl_default_generators/cmake)
-- Using all available rosidl_typesupport_c: rosidl_typesupport_fastrtps_c;rosidl_typesupport_introspection_c
-- Found rosidl_adapter: 3.1.6 (/opt/ros/humble/share/rosidl_adapter/cmake)
-- Using all available rosidl_typesupport_cpp: rosidl_typesupport_fastrtps_cpp;rosidl_typesupport_introspection_cpp
-- Found std_msgs: 4.2.4 (/opt/ros/humble/share/std_msgs/cmake)
-- Found geometry_msgs: 4.2.4 (/opt/ros/humble/share/geometry_msgs/cmake)
-- Found nav_msgs: 4.2.4 (/opt/ros/humble/share/nav_msgs/cmake)
-- Found ament_cmake_ros: 0.10.0 (/opt/ros/humble/share/ament_cmake_ros/cmake)
-- Using all available rosidl_typesupport_c: rosidl_typesupport_fastrtps_c;rosidl_typesupport_introspection_c
-- Using all available rosidl_typesupport_cpp: rosidl_typesupport_fastrtps_cpp;rosidl_typesupport_introspection_cpp
-- Found PythonInterp: /usr/bin/python3 (found suitable version "3.10.12", minimum required is "3.6") 
-- Found python_cmake_module: 0.10.0 (/opt/ros/humble/share/python_cmake_module/cmake)
-- Found PythonLibs: /usr/lib/x86_64-linux-gnu/libpython3.10.so (found suitable version "3.10.12", minimum required is "3.5") 
-- Using PYTHON_EXECUTABLE: /usr/bin/python3
-- Using PYTHON_INCLUDE_DIRS: /usr/include/python3.10
-- Using PYTHON_LIBRARIES: /usr/lib/x86_64-linux-gnu/libpython3.10.so
-- Found PythonExtra: .so  
-- Found ament_lint_auto: 0.12.11 (/opt/ros/humble/share/ament_lint_auto/cmake)
-- Added test 'lint_cmake' to check CMake code style
-- Added test 'xmllint' to check XML markup files
-- Configuring done
-- Generating done
-- Build files have been written to: /home/sanket/Projects/docker_ws/num_opt_ws/src/num_opt_project/build/uav_msgs
[  2%] [34m[1mGenerating C code for ROS interfaces[0m
[  5%] [34m[1mGenerating C++ code for ROS interfaces[0m
[  5%] Built target ament_cmake_python_symlink_uav_msgs
running egg_info
creating uav_msgs.egg-info
writing uav_msgs.egg-info/PKG-INFO
writing dependency_links to uav_msgs.egg-info/dependency_links.txt
writing top-level names to uav_msgs.egg-info/top_level.txt
writing manifest file 'uav_msgs.egg-info/SOURCES.txt'
reading manifest file 'uav_msgs.egg-info/SOURCES.txt'
writing manifest file 'uav_msgs.egg-info/SOURCES.txt'
[  5%] Built target ament_cmake_python_build_uav_msgs_egg
[  5%] Built target uav_msgs__cpp
[  7%] [32mBuilding C object CMakeFiles/uav_msgs__rosidl_generator_c.dir/rosidl_generator_c/uav_msgs/msg/detail/consensus_traj__functions.c.o[0m
[ 10%] [32mBuilding C object CMakeFiles/uav_msgs__rosidl_generator_c.dir/rosidl_generator_c/uav_msgs/msg/detail/position_cmd__functions.c.o[0m
[ 12%] [34m[1mGenerating C++ type support dispatch for ROS interfaces[0m
[ 15%] [34m[1mGenerating C++ introspection for ROS interfaces[0m
[ 17%] [34m[1mGenerating C++ type support for eProsima Fast-RTPS[0m
[ 20%] [32m[1mLinking C shared library libuav_msgs__rosidl_generator_c.so[0m
[ 20%] Built target uav_msgs__rosidl_generator_c
[ 23%] [34m[1mGenerating C type support for eProsima Fast-RTPS[0m
[ 25%] [34m[1mGenerating C type support dispatch for ROS interfaces[0m
[ 28%] [34m[1mGenerating C introspection for ROS interfaces[0m
[ 33%] [32mBuilding CXX object CMakeFiles/uav_msgs__rosidl_typesupport_cpp.dir/rosidl_typesupport_cpp/uav_msgs/msg/consensus_traj__type_support.cpp.o[0m
[ 33%] [32mBuilding CXX object CMakeFiles/uav_msgs__rosidl_typesupport_cpp.dir/rosidl_typesupport_cpp/uav_msgs/msg/position_cmd__type_support.cpp.o[0m
[ 38%] [32mBuilding CXX object CMakeFiles/uav_msgs__rosidl_typesupport_introspection_cpp.dir/rosidl_typesupport_introspection_cpp/uav_msgs/msg/detail/position_cmd__type_support.cpp.o[0m
[ 38%] [32mBuilding CXX object CMakeFiles/uav_msgs__rosidl_typesupport_introspection_cpp.dir/rosidl_typesupport_introspection_cpp/uav_msgs/msg/detail/consensus_traj__type_support.cpp.o[0m
[ 41%] [32mBuilding CXX object CMakeFiles/uav_msgs__rosidl_typesupport_fastrtps_cpp.dir/rosidl_typesupport_fastrtps_cpp/uav_msgs/msg/detail/dds_fastrtps/position_cmd__type_support.cpp.o[0m
[ 43%] [32mBuilding CXX object CMakeFiles/uav_msgs__rosidl_typesupport_fastrtps_cpp.dir/rosidl_typesupport_fastrtps_cpp/uav_msgs/msg/detail/dds_fastrtps/consensus_traj__type_support.cpp.o[0m
[ 46%] [32mBuilding CXX object CMakeFiles/uav_msgs__rosidl_typesupport_c.dir/rosidl_typesupport_c/uav_msgs/msg/position_cmd__type_support.cpp.o[0m
[ 48%] [32mBuilding CXX object CMakeFiles/uav_msgs__rosidl_typesupport_c.dir/rosidl_typesupport_c/uav_msgs/msg/consensus_traj__type_support.cpp.o[0m
[ 53%] [32mBuilding CXX object CMakeFiles/uav_msgs__rosidl_typesupport_fastrtps_c.dir/rosidl_typesupport_fastrtps_c/uav_msgs/msg/detail/consensus_traj__type_support_c.cpp.o[0m
[ 53%] [32mBuilding CXX object CMakeFiles/uav_msgs__rosidl_typesupport_fastrtps_c.dir/rosidl_typesupport_fastrtps_c/uav_msgs/msg/detail/position_cmd__type_support_c.cpp.o[0m
[ 56%] [32m[1mLinking CXX shared library libuav_msgs__rosidl_typesupport_c.so[0m
[ 61%] [32mBuilding C object CMakeFiles/uav_msgs__rosidl_typesupport_introspection_c.dir/rosidl_typesupport_introspection_c/uav_msgs/msg/detail/consensus_traj__type_support.c.o[0m
[ 61%] [32mBuilding C object CMakeFiles/uav_msgs__rosidl_typesupport_introspection_c.dir/rosidl_typesupport_introspection_c/uav_msgs/msg/detail/position_cmd__type_support.c.o[0m
[ 61%] Built target uav_msgs__rosidl_typesupport_c
[ 64%] [32m[1mLinking C shared library libuav_msgs__rosidl_typesupport_introspection_c.so[0m
[ 66%] [32m[1mLinking CXX shared library libuav_msgs__rosidl_typesupport_cpp.so[0m
[ 66%] Built target uav_msgs__rosidl_typesupport_introspection_c
[ 66%] Built target uav_msgs__rosidl_typesupport_cpp
[ 69%] [32m[1mLinking CXX shared library libuav_msgs__rosidl_typesupport_introspection_cpp.so[0m
[ 71%] [32m[1mLinking CXX shared library libuav_msgs__rosidl_typesupport_fastrtps_c.so[0m
[ 74%] Built target uav_msgs__rosidl_typesupport_introspection_cpp
[ 74%] [32m[1mLinking CXX shared library libuav_msgs__rosidl_typesupport_fastrtps_cpp.so[0m
[ 74%] Built target uav_msgs__rosidl_typesupport_fastrtps_c
[ 74%] Built target uav_msgs__rosidl_typesupport_fastrtps_cpp
[ 74%] Built target uav_msgs
[ 76%] [34m[1mGenerating Python code for ROS interfaces[0m
[ 76%] Built target uav_msgs__py
[ 82%] [32mBuilding C object CMakeFiles/uav_msgs__rosidl_generator_py.dir/rosidl_generator_py/uav_msgs/msg/_position_cmd_s.c.o[0m
[ 82%] [32mBuilding C object CMakeFiles/uav_msgs__rosidl_generator_py.dir/rosidl_generator_py/uav_msgs/msg/_consensus_traj_s.c.o[0m
[ 84%] [32m[1mLinking C shared library rosidl_generator_py/uav_msgs/libuav_msgs__rosidl_generator_py.so[0m
[ 84%] Built target uav_msgs__rosidl_generator_py
[ 87%] [32mBuilding C object CMakeFiles/uav_msgs__rosidl_typesupport_c__pyext.dir/rosidl_generator_py/uav_msgs/_uav_msgs_s.ep.rosidl_typesupport_c.c.o[0m
[ 89%] [32mBuilding C object CMakeFiles/uav_msgs__rosidl_typesupport_introspection_c__pyext.dir/rosidl_generator_py/uav_msgs/_uav_msgs_s.ep.rosidl_typesupport_introspection_c.c.o[0m
[ 92%] [32mBuilding C object CMakeFiles/uav_msgs__rosidl_typesupport_fastrtps_c__pyext.dir/rosidl_generator_py/uav_msgs/_uav_msgs_s.ep.rosidl_typesupport_fastrtps_c.c.o[0m
[ 97%] [32m[1mLinking C shared library rosidl_generator_py/uav_msgs/uav_msgs_s__rosidl_typesupport_introspection_c.cpython-310-x86_64-linux-gnu.so[0m
[ 97%] [32m[1mLinking C shared library rosidl_generator_py/uav_msgs/uav_msgs_s__rosidl_typesupport_fastrtps_c.cpython-310-x86_64-linux-gnu.so[0m
[100%] [32m[1mLinking C shared library rosidl_generator_py/uav_msgs/uav_msgs_s__rosidl_typesupport_c.cpython-310-x86_64-linux-gnu.so[0m
[100%] Built target uav_msgs__rosidl_typesupport_introspection_c__pyext
[100%] Built target uav_msgs__rosidl_typesupport_fastrtps_c__pyext
[100%] Built target uav_msgs__rosidl_typesupport_c__pyext
-- Install configuration: ""
-- Execute custom install script
-- Symlinking: /home/sanket/Projects/docker_ws/num_opt_ws/src/num_opt_project/install/uav_msgs/share/ament_index/resource_index/rosidl_interfaces/uav_msgs
-- Symlinking: /home/sanket/Projects/docker_ws/num_opt_ws/src/num_opt_project/install/uav_msgs/include/uav_msgs/uav_msgs/msg/consensus_traj.h
-- Symlinking: /home/sanket/Projects/docker_ws/num_opt_ws/src/num_opt_project/install/uav_msgs/include/uav_msgs/uav_msgs/msg/detail/consensus_traj__functions.h
-- Symlinking: /home/sanket/Projects/docker_ws/num_opt_ws/src/num_opt_project/install/uav_msgs/include/uav_msgs/uav_msgs/msg/detail/consensus_traj__struct.h
-- Symlinking: /home/sanket/Projects/docker_ws/num_opt_ws/src/num_opt_project/install/uav_msgs/include/uav_msgs/uav_msgs/msg/detail/consensus_traj__type_support.h
-- Symlinking: /home/sanket/Projects/docker_ws/num_opt_ws/src/num_opt_project/install/uav_msgs/include/uav_msgs/uav_msgs/msg/detail/position_cmd__functions.h
-- Symlinking: /home/sanket/Projects/docker_ws/num_opt_ws/src/num_opt_project/install/uav_msgs/include/uav_msgs/uav_msgs/msg/detail/position_cmd__struct.h
-- Symlinking: /home/sanket/Projects/docker_ws/num_opt_ws/src/num_opt_project/install/uav_msgs/include/uav_msgs/uav_msgs/msg/detail/position_cmd__type_support.h
-- Symlinking: /home/sanket/Projects/docker_ws/num_opt_ws/src/num_opt_project/install/uav_msgs/include/uav_msgs/uav_msgs/msg/position_cmd.h
-- Symlinking: /home/sanket/Projects/docker_ws/num_opt_ws/src/num_opt_project/install/uav_msgs/include/uav_msgs/uav_msgs/msg/rosidl_generator_c__visibility_control.h
-- Symlinking: /home/sanket/Projects/docker_ws/num_opt_ws/src/num_opt_project/install/uav_msgs/share/uav_msgs/environment/library_path.sh
-- Symlinking: /home/sanket/Projects/docker_ws/num_opt_ws/src/num_opt_project/install/uav_msgs/share/uav_msgs/environment/library_path.dsv
-- Symlinking: /home/sanket/Projects/docker_ws/num_opt_ws/src/num_opt_project/install/uav_msgs/include/uav_msgs/uav_msgs/msg/detail/consensus_traj__rosidl_typesupport_fastrtps_c.h
-- Symlinking: /home/sanket/Projects/docker_ws/num_opt_ws/src/num_opt_project/install/uav_msgs/include/uav_msgs/uav_msgs/msg/detail/position_cmd__rosidl_typesupport_fastrtps_c.h
-- Symlinking: /home/sanket/Projects/docker_ws/num_opt_ws/src/num_opt_project/install/uav_msgs/include/uav_msgs/uav_msgs/msg/rosidl_typesupport_fastrtps_c__visibility_control.h
-- Symlinking: /home/sanket/Projects/docker_ws/num_opt_ws/src/num_opt_project/install/uav_msgs/include/uav_msgs/uav_msgs/msg/detail/consensus_traj__rosidl_typesupport_introspection_c.h
-- Symlinking: /home/sanket/Projects/docker_ws/num_opt_ws/src/num_opt_project/install/uav_msgs/include/uav_msgs/uav_msgs/msg/detail/position_cmd__rosidl_typesupport_introspection_c.h
-- Symlinking: /home/sanket/Projects/docker_ws/num_opt_ws/src/num_opt_project/install/uav_msgs/include/uav_msgs/uav_msgs/msg/rosidl_typesupport_introspection_c__visibility_control.h
-- Symlinking: /home/sanket/Projects/docker_ws/num_opt_ws/src/num_opt_project/install/uav_msgs/include/uav_msgs/uav_msgs/msg/consensus_traj.hpp
-- Symlinking: /home/sanket/Projects/docker_ws/num_opt_ws/src/num_opt_project/install/uav_msgs/include/uav_msgs/uav_msgs/msg/detail/consensus_traj__builder.hpp
-- Symlinking: /home/sanket/Projects/docker_ws/num_opt_ws/src/num_opt_project/install/uav_msgs/include/uav_msgs/uav_msgs/msg/detail/consensus_traj__struct.hpp
-- Symlinking: /home/sanket/Projects/docker_ws/num_opt_ws/src/num_opt_project/install/uav_msgs/include/uav_msgs/uav_msgs/msg/detail/consensus_traj__traits.hpp
-- Symlinking: /home/sanket/Projects/docker_ws/num_opt_ws/src/num_opt_project/install/uav_msgs/include/uav_msgs/uav_msgs/msg/detail/consensus_traj__type_support.hpp
-- Symlinking: /home/sanket/Projects/docker_ws/num_opt_ws/src/num_opt_project/install/uav_msgs/include/uav_msgs/uav_msgs/msg/detail/position_cmd__builder.hpp
-- Symlinking: /home/sanket/Projects/docker_ws/num_opt_ws/src/num_opt_project/install/uav_msgs/include/uav_msgs/uav_msgs/msg/detail/position_cmd__struct.hpp
-- Symlinking: /home/sanket/Projects/docker_ws/num_opt_ws/src/num_opt_project/install/uav_msgs/include/uav_msgs/uav_msgs/msg/detail/position_cmd__traits.hpp
-- Symlinking: /home/sanket/Projects/docker_ws/num_opt_ws/src/num_opt_project/install/uav_msgs/include/uav_msgs/uav_msgs/msg/detail/position_cmd__type_support.hpp
-- Symlinking: /home/sanket/Projects/docker_ws/num_opt_ws/src/num_opt_project/install/uav_msgs/include/uav_msgs/uav_msgs/msg/position_cmd.hpp
-- Symlinking: /home/sanket/Projects/docker_ws/num_opt_ws/src/num_opt_project/install/uav_msgs/include/uav_msgs/uav_msgs/msg/rosidl_generator_cpp__visibility_control.hpp
-- Symlinking: /home/sanket/Projects/docker_ws/num_opt_ws/src/num_opt_project/install/uav_msgs/include/uav_msgs/uav_msgs/msg/detail/consensus_traj__rosidl_typesupport_fastrtps_cpp.hpp
-- Symlinking: /home/sanket/Projects/docker_ws/num_opt_ws/src/num_opt_project/install/uav_msgs/include/uav_msgs/uav_msgs/msg/detail/position_cmd__rosidl_typesupport_fastrtps_cpp.hpp
-- Symlinking: /home/sanket/Projects/docker_ws/num_opt_ws/src/num_opt_project/install/uav_msgs/include/uav_msgs/uav_msgs/msg/rosidl_typesupport_fastrtps_cpp__visibility_control.h
-- Symlinking: /home/sanket/Projects/docker_ws/num_opt_ws/src/num_opt_project/install/uav_msgs/include/uav_msgs/uav_msgs/msg/detail/consensus_traj__rosidl_typesupport_introspection_cpp.hpp
-- Symlinking: /home/sanket/Projects/docker_ws/num_opt_ws/src/num_opt_project/install/uav_msgs/include/uav_msgs/uav_msgs/msg/detail/position_cmd__rosidl_typesupport_introspection_cpp.hpp
-- Symlinking: /home/sanket/Projects/docker_ws/num_opt_ws/src/num_opt_project/install/uav_msgs/share/uav_msgs/environment/pythonpath.sh
-- Symlinking: /home/sanket/Projects/docker_ws/num_opt_ws/src/num_opt_project/install/uav_msgs/share/uav_msgs/environment/pythonpath.dsv
-- Symlinking: /home/sanket/Projects/docker_ws/num_opt_ws/src/num_opt_project/install/uav_msgs/local/lib/python3.10/dist-packages/uav_msgs-0.0.0-py3.10.egg-info/PKG-INFO
-- Symlinking: /home/sanket/Projects/docker_ws/num_opt_ws/src/num_opt_project/install/uav_msgs/local/lib/python3.10/dist-packages/uav_msgs-0.0.0-py3.10.egg-info/SOURCES.txt
-- Symlinking: /home/sanket/Projects/docker_ws/num_opt_ws/src/num_opt_project/install/uav_msgs/local/lib/python3.10/dist-packages/uav_msgs-0.0.0-py3.10.egg-info/dependency_links.txt
-- Symlinking: /home/sanket/Projects/docker_ws/num_opt_ws/src/num_opt_project/install/uav_msgs/local/lib/python3.10/dist-packages/uav_msgs-0.0.0-py3.10.egg-info/top_level.txt
-- Symlinking: /home/sanket/Projects/docker_ws/num_opt_ws/src/num_opt_project/install/uav_msgs/local/lib/python3.10/dist-packages/uav_msgs/__init__.py
-- Symlinking: /home/sanket/Projects/docker_ws/num_opt_ws/src/num_opt_project/install/uav_msgs/local/lib/python3.10/dist-packages/uav_msgs/_uav_msgs_s.ep.rosidl_typesupport_c.c
-- Symlinking: /home/sanket/Projects/docker_ws/num_opt_ws/src/num_opt_project/install/uav_msgs/local/lib/python3.10/dist-packages/uav_msgs/_uav_msgs_s.ep.rosidl_typesupport_fastrtps_c.c
-- Symlinking: /home/sanket/Projects/docker_ws/num_opt_ws/src/num_opt_project/install/uav_msgs/local/lib/python3.10/dist-packages/uav_msgs/_uav_msgs_s.ep.rosidl_typesupport_introspection_c.c
-- Symlinking: /home/sanket/Projects/docker_ws/num_opt_ws/src/num_opt_project/install/uav_msgs/local/lib/python3.10/dist-packages/uav_msgs/libuav_msgs__rosidl_generator_py.so
-- Symlinking: /home/sanket/Projects/docker_ws/num_opt_ws/src/num_opt_project/install/uav_msgs/local/lib/python3.10/dist-packages/uav_msgs/msg/__init__.py
-- Symlinking: /home/sanket/Projects/docker_ws/num_opt_ws/src/num_opt_project/install/uav_msgs/local/lib/python3.10/dist-packages/uav_msgs/msg/_consensus_traj.py
-- Symlinking: /home/sanket/Projects/docker_ws/num_opt_ws/src/num_opt_project/install/uav_msgs/local/lib/python3.10/dist-packages/uav_msgs/msg/_consensus_traj_s.c
-- Symlinking: /home/sanket/Projects/docker_ws/num_opt_ws/src/num_opt_project/install/uav_msgs/local/lib/python3.10/dist-packages/uav_msgs/msg/_position_cmd.py
-- Symlinking: /home/sanket/Projects/docker_ws/num_opt_ws/src/num_opt_project/install/uav_msgs/local/lib/python3.10/dist-packages/uav_msgs/msg/_position_cmd_s.c
-- Symlinking: /home/sanket/Projects/docker_ws/num_opt_ws/src/num_opt_project/install/uav_msgs/local/lib/python3.10/dist-packages/uav_msgs/uav_msgs_s__rosidl_typesupport_c.cpython-310-x86_64-linux-gnu.so
-- Symlinking: /home/sanket/Projects/docker_ws/num_opt_ws/src/num_opt_project/install/uav_msgs/local/lib/python3.10/dist-packages/uav_msgs/uav_msgs_s__rosidl_typesupport_fastrtps_c.cpython-310-x86_64-linux-gnu.so
-- Symlinking: /home/sanket/Projects/docker_ws/num_opt_ws/src/num_opt_project/install/uav_msgs/local/lib/python3.10/dist-packages/uav_msgs/uav_msgs_s__rosidl_typesupport_introspection_c.cpython-310-x86_64-linux-gnu.so
-- Up-to-date symlink: /home/sanket/Projects/docker_ws/num_opt_ws/src/num_opt_project/install/uav_msgs/local/lib/python3.10/dist-packages/uav_msgs/uav_msgs_s__rosidl_typesupport_fastrtps_c.cpython-310-x86_64-linux-gnu.so
-- Up-to-date symlink: /home/sanket/Projects/docker_ws/num_opt_ws/src/num_opt_project/install/uav_msgs/local/lib/python3.10/dist-packages/uav_msgs/uav_msgs_s__rosidl_typesupport_introspection_c.cpython-310-x86_64-linux-gnu.so
-- Up-to-date symlink: /home/sanket/Projects/docker_ws/num_opt_ws/src/num_opt_project/install/uav_msgs/local/lib/python3.10/dist-packages/uav_msgs/uav_msgs_s__rosidl_typesupport_c.cpython-310-x86_64-linux-gnu.so
-- Symlinking: /home/sanket/Projects/docker_ws/num_opt_ws/src/num_opt_project/install/uav_msgs/share/uav_msgs/msg/PositionCmd.idl
-- Symlinking: /home/sanket/Projects/docker_ws/num_opt_ws/src/num_opt_project/install/uav_msgs/share/uav_msgs/msg/ConsensusTraj.idl
-- Symlinking: /home/sanket/Projects/docker_ws/num_opt_ws/src/num_opt_project/install/uav_msgs/share/uav_msgs/msg/PositionCmd.msg
-- Symlinking: /home/sanket/Projects/docker_ws/num_opt_ws/src/num_opt_project/install/uav_msgs/share/uav_msgs/msg/ConsensusTraj.msg
-- Symlinking: /home/sanket/Projects/docker_ws/num_opt_ws/src/num_opt_project/install/uav_msgs/share/ament_index/resource_index/package_run_dependencies/uav_msgs
-- Symlinking: /home/sanket/Projects/docker_ws/num_opt_ws/src/num_opt_project/install/uav_msgs/share/ament_index/resource_index/parent_prefix_path/uav_msgs
-- Symlinking: /home/sanket/Projects/docker_ws/num_opt_ws/src/num_opt_project/install/uav_msgs/share/uav_msgs/environment/ament_prefix_path.sh
-- Symlinking: /home/sanket/Projects/docker_ws/num_opt_ws/src/num_opt_project/install/uav_msgs/share/uav_msgs/environment/ament_prefix_path.dsv
-- Symlinking: /home/sanket/Projects/docker_ws/num_opt_ws/src/num_opt_project/install/uav_msgs/share/uav_msgs/environment/path.sh
-- Symlinking: /home/sanket/Projects/docker_ws/num_opt_ws/src/num_opt_project/install/uav_msgs/share/uav_msgs/environment/path.dsv
-- Symlinking: /home/sanket/Projects/docker_ws/num_opt_ws/src/num_opt_project/install/uav_msgs/share/uav_msgs/local_setup.bash
-- Symlinking: /home/sanket/Projects/docker_ws/num_opt_ws/src/num_opt_project/install/uav_msgs/share/uav_msgs/local_setup.sh
-- Symlinking: /home/sanket/Projects/docker_ws/num_opt_ws/src/num_opt_project/install/uav_msgs/share/uav_msgs/local_setup.zsh
-- Symlinking: /home/sanket/Projects/docker_ws/num_opt_ws/src/num_opt_project/install/uav_msgs/share/uav_msgs/local_setup.dsv
-- Symlinking: /home/sanket/Projects/docker_ws/num_opt_ws/src/num_opt_project/install/uav_msgs/share/uav_msgs/package.dsv
-- Symlinking: /home/sanket/Projects/docker_ws/num_opt_ws/src/num_opt_project/install/uav_msgs/share/ament_index/resource_index/packages/uav_msgs
-- Symlinking: /home/sanket/Projects/docker_ws/num_opt_ws/src/num_opt_project/install/uav_msgs/share/uav_msgs/cmake/rosidl_cmake-extras.cmake
-- Symlinking: /home/sanket/Projects/docker_ws/num_opt_ws/src/num_opt_project/install/uav_msgs/share/uav_msgs/cmake/ament_cmake_export_dependencies-extras.cmake
-- Symlinking: /home/sanket/Projects/docker_ws/num_opt_ws/src/num_opt_project/install/uav_msgs/share/uav_msgs/cmake/ament_cmake_export_include_directories-extras.cmake
-- Symlinking: /home/sanket/Projects/docker_ws/num_opt_ws/src/num_opt_project/install/uav_msgs/share/uav_msgs/cmake/ament_cmake_export_libraries-extras.cmake
-- Symlinking: /home/sanket/Projects/docker_ws/num_opt_ws/src/num_opt_project/install/uav_msgs/share/uav_msgs/cmake/ament_cmake_export_targets-extras.cmake
-- Symlinking: /home/sanket/Projects/docker_ws/num_opt_ws/src/num_opt_project/install/uav_msgs/share/uav_msgs/cmake/rosidl_cmake_export_typesupport_targets-extras.cmake
-- Symlinking: /home/sanket/Projects/docker_ws/num_opt_ws/src/num_opt_project/install/uav_msgs/share/uav_msgs/cmake/rosidl_cmake_export_typesupport_libraries-extras.cmake
-- Symlinking: /home/sanket/Projects/docker_ws/num_opt_ws/src/num_opt_project/install/uav_msgs/share/uav_msgs/cmake/uav_msgsConfig.cmake
-- Symlinking: /home/sanket/Projects/docker_ws/num_opt_ws/src/num_opt_project/install/uav_msgs/share/uav_msgs/cmake/uav_msgsConfig-version.cmake
-- Symlinking: /home/sanket/Projects/docker_ws/num_opt_ws/src/num_opt_project/install/uav_msgs/share/uav_msgs/package.xml
-- Installing: /home/sanket/Projects/docker_ws/num_opt_ws/src/num_opt_project/install/uav_msgs/lib/libuav_msgs__rosidl_generator_c.so
-- Set runtime path of "/home/sanket/Projects/docker_ws/num_opt_ws/src/num_opt_project/install/uav_msgs/lib/libuav_msgs__rosidl_generator_c.so" to ""
-- Installing: /home/sanket/Projects/docker_ws/num_opt_ws/src/num_opt_project/install/uav_msgs/lib/libuav_msgs__rosidl_typesupport_fastrtps_c.so
-- Set runtime path of "/home/sanket/Projects/docker_ws/num_opt_ws/src/num_opt_project/install/uav_msgs/lib/libuav_msgs__rosidl_typesupport_fastrtps_c.so" to ""
-- Installing: /home/sanket/Projects/docker_ws/num_opt_ws/src/num_opt_project/install/uav_msgs/lib/libuav_msgs__rosidl_typesupport_introspection_c.so
-- Set runtime path of "/home/sanket/Projects/docker_ws/num_opt_ws/src/num_opt_project/install/uav_msgs/lib/libuav_msgs__rosidl_typesupport_introspection_c.so" to ""
-- Installing: /home/sanket/Projects/docker_ws/num_opt_ws/src/num_opt_project/install/uav_msgs/lib/libuav_msgs__rosidl_typesupport_c.so
-- Set runtime path of "/home/sanket/Projects/docker_ws/num_opt_ws/src/num_opt_project/install/uav_msgs/lib/libuav_msgs__rosidl_typesupport_c.so" to ""
-- Installing: /home/sanket/Projects/docker_ws/num_opt_ws/src/num_opt_project/install/uav_msgs/lib/libuav_msgs__rosidl_typesupport_fastrtps_cpp.so
-- Set runtime path of "/home/sanket/Projects/docker_ws/num_opt_ws/src/num_opt_project/install/uav_msgs/lib/libuav_msgs__rosidl_typesupport_fastrtps_cpp.so" to ""
-- Installing: /home/sanket/Projects/docker_ws/num_opt_ws/src/num_opt_project/install/uav_msgs/lib/libuav_msgs__rosidl_typesupport_introspection_cpp.so
-- Set runtime path of "/home/sanket/Projects/docker_ws/num_opt_ws/src/num_opt_project/install/uav_msgs/lib/libuav_msgs__rosidl_typesupport_introspection_cpp.so" to ""
-- Installing: /home/sanket/Projects/docker_ws/num_opt_ws/src/num_opt_project/install/uav_msgs/lib/libuav_msgs__rosidl_typesupport_cpp.so
-- Set runtime path of "/home/sanket/Projects/docker_ws/num_opt_ws/src/num_opt_project/install/uav_msgs/lib/libuav_msgs__rosidl_typesupport_cpp.so" to ""
Listing '/home/sanket/Projects/docker_ws/num_opt_ws/src/num_opt_project/install/uav_msgs/local/lib/python3.10/dist-packages/uav_msgs'...
Compiling '/home/sanket/Projects/docker_ws/num_opt_ws/src/num_opt_project/install/uav_msgs/local/lib/python3.10/dist-packages/uav_msgs/__init__.py'...
Listing '/home/sanket/Projects/docker_ws/num_opt_ws/src/num_opt_project/install/uav_msgs/local/lib/python3.10/dist-packages/uav_msgs/msg'...
Compiling '/home/sanket/Projects/docker_ws/num_opt_ws/src/num_opt_project/install/uav_msgs/local/lib/python3.10/dist-packages/uav_msgs/msg/__init__.py'...
Compiling '/home/sanket/Projects/docker_ws/num_opt_ws/src/num_opt_project/install/uav_msgs/local/lib/python3.10/dist-packages/uav_msgs/msg/_consensus_traj.py'...
Compiling '/home/sanket/Projects/docker_ws/num_opt_ws/src/num_opt_project/install/uav_msgs/local/lib/python3.10/dist-packages/uav_msgs/msg/_position_cmd.py'...
-- Installing: /home/sanket/Projects/docker_ws/num_opt_ws/src/num_opt_project/install/uav_msgs/lib/libuav_msgs__rosidl_generator_py.so
-- Set runtime path of "/home/sanket/Projects/docker_ws/num_opt_ws/src/num_opt_project/install/uav_msgs/lib/libuav_msgs__rosidl_generator_py.so" to ""
-- Installing: /home/sanket/Projects/docker_ws/num_opt_ws/src/num_opt_project/install/uav_msgs/share/uav_msgs/cmake/export_uav_msgs__rosidl_generator_cExport.cmake
-- Installing: /home/sanket/Projects/docker_ws/num_opt_ws/src/num_opt_project/install/uav_msgs/share/uav_msgs/cmake/export_uav_msgs__rosidl_generator_cExport-noconfig.cmake
-- Installing: /home/sanket/Projects/docker_ws/num_opt_ws/src/num_opt_project/install/uav_msgs/share/uav_msgs/cmake/export_uav_msgs__rosidl_typesupport_fastrtps_cExport.cmake
-- Installing: /home/sanket/Projects/docker_ws/num_opt_ws/src/num_opt_project/install/uav_msgs/share/uav_msgs/cmake/export_uav_msgs__rosidl_typesupport_fastrtps_cExport-noconfig.cmake
-- Installing: /home/sanket/Projects/docker_ws/num_opt_ws/src/num_opt_project/install/uav_msgs/share/uav_msgs/cmake/uav_msgs__rosidl_typesupport_introspection_cExport.cmake
-- Installing: /home/sanket/Projects/docker_ws/num_opt_ws/src/num_opt_project/install/uav_msgs/share/uav_msgs/cmake/uav_msgs__rosidl_typesupport_introspection_cExport-noconfig.cmake
-- Installing: /home/sanket/Projects/docker_ws/num_opt_ws/src/num_opt_project/install/uav_msgs/share/uav_msgs/cmake/uav_msgs__rosidl_typesupport_cExport.cmake
-- Installing: /home/sanket/Projects/docker_ws/num_opt_ws/src/num_opt_project/install/uav_msgs/share/uav_msgs/cmake/uav_msgs__rosidl_typesupport_cExport-noconfig.cmake
-- Installing: /home/sanket/Projects/docker_ws/num_opt_ws/src/num_opt_project/install/uav_msgs/share/uav_msgs/cmake/export_uav_msgs__rosidl_generator_cppExport.cmake
-- Installing: /home/sanket/Projects/docker_ws/num_opt_ws/src/num_opt_project/install/uav_msgs/share/uav_msgs/cmake/export_uav_msgs__rosidl_typesupport_fastrtps_cppExport.cmake
-- Installing: /home/sanket/Projects/docker_ws/num_opt_ws/src/num_opt_project/install/uav_msgs/share/uav_msgs/cmake/export_uav_msgs__rosidl_typesupport_fastrtps_cppExport-noconfig.cmake
-- Installing: /home/sanket/Projects/docker_ws/num_opt_ws/src/num_opt_project/install/uav_msgs/share/uav_msgs/cmake/uav_msgs__rosidl_typesupport_introspection_cppExport.cmake
-- Installing: /home/sanket/Projects/docker_ws/num_opt_ws/src/num_opt_project/install/uav_msgs/share/uav_msgs/cmake/uav_msgs__rosidl_typesupport_introspection_cppExport-noconfig.cmake
-- Installing: /home/sanket/Projects/docker_ws/num_opt_ws/src/num_opt_project/install/uav_msgs/share/uav_msgs/cmake/uav_msgs__rosidl_typesupport_cppExport.cmake
-- Installing: /home/sanket/Projects/docker_ws/num_opt_ws/src/num_opt_project/install/uav_msgs/share/uav_msgs/cmake/uav_msgs__rosidl_typesupport_cppExport-noconfig.cmake
-- Installing: /home/sanket/Projects/docker_ws/num_opt_ws/src/num_opt_project/install/uav_msgs/share/uav_msgs/cmake/export_uav_msgs__rosidl_generator_pyExport.cmake
-- Installing: /home/sanket/Projects/docker_ws/num_opt_ws/src/num_opt_project/install/uav_msgs/share/uav_msgs/cmake/export_uav_msgs__rosidl_generator_pyExport-noconfig.cmake
