[0.007s] Invoking command in '/home/sanket/Projects/docker_ws/num_opt_ws/src/num_opt_project/build/uav_msgs': CMAKE_PREFIX_PATH=${CMAKE_PREFIX_PATH}:/opt/ros/humble /usr/bin/cmake /home/sanket/Projects/docker_ws/num_opt_ws/src/num_opt_project/uav_msgs -DAMENT_CMAKE_SYMLINK_INSTALL=1 -DCMAKE_INSTALL_PREFIX=/home/sanket/Projects/docker_ws/num_opt_ws/src/num_opt_project/install/uav_msgs
[0.063s] -- The C compiler identification is GNU 11.4.0
[0.105s] -- The CXX compiler identification is GNU 11.4.0
[0.114s] -- Detecting C compiler ABI info
[0.168s] -- Detecting C compiler ABI info - done
[0.173s] -- Check for working C compiler: /usr/bin/cc - skipped
[0.173s] -- Detecting C compile features
[0.174s] -- Detecting C compile features - done
[0.177s] -- Detecting CXX compiler ABI info
[0.242s] -- Detecting CXX compiler ABI info - done
[0.250s] -- Check for working CXX compiler: /usr/bin/c++ - skipped
[0.250s] -- Detecting CXX compile features
[0.251s] -- Detecting CXX compile features - done
[0.254s] -- Found ament_cmake: 1.3.11 (/opt/ros/humble/share/ament_cmake/cmake)
[0.366s] -- Found Python3: /usr/bin/python3 (found version "3.10.12") found components: Interpreter 
[0.426s] -- Override CMake install command with custom implementation using symlinks instead of copying resources
[0.453s] -- Found rosidl_default_generators: 1.2.0 (/opt/ros/humble/share/rosidl_default_generators/cmake)
[0.456s] -- Using all available rosidl_typesupport_c: rosidl_typesupport_fastrtps_c;rosidl_typesupport_introspection_c
[0.462s] -- Found rosidl_adapter: 3.1.6 (/opt/ros/humble/share/rosidl_adapter/cmake)
[0.501s] -- Using all available rosidl_typesupport_cpp: rosidl_typesupport_fastrtps_cpp;rosidl_typesupport_introspection_cpp
[0.532s] -- Found std_msgs: 4.2.4 (/opt/ros/humble/share/std_msgs/cmake)
[0.554s] -- Found geometry_msgs: 4.2.4 (/opt/ros/humble/share/geometry_msgs/cmake)
[0.566s] -- Found nav_msgs: 4.2.4 (/opt/ros/humble/share/nav_msgs/cmake)
[0.781s] -- Found ament_cmake_ros: 0.10.0 (/opt/ros/humble/share/ament_cmake_ros/cmake)
[0.956s] -- Using all available rosidl_typesupport_c: rosidl_typesupport_fastrtps_c;rosidl_typesupport_introspection_c
[1.217s] -- Using all available rosidl_typesupport_cpp: rosidl_typesupport_fastrtps_cpp;rosidl_typesupport_introspection_cpp
[1.235s] -- Found PythonInterp: /usr/bin/python3 (found suitable version "3.10.12", minimum required is "3.6") 
[1.236s] -- Found python_cmake_module: 0.10.0 (/opt/ros/humble/share/python_cmake_module/cmake)
[1.257s] -- Found PythonLibs: /usr/lib/x86_64-linux-gnu/libpython3.10.so (found suitable version "3.10.12", minimum required is "3.5") 
[1.257s] -- Using PYTHON_EXECUTABLE: /usr/bin/python3
[1.257s] -- Using PYTHON_INCLUDE_DIRS: /usr/include/python3.10
[1.257s] -- Using PYTHON_LIBRARIES: /usr/lib/x86_64-linux-gnu/libpython3.10.so
[1.273s] -- Found PythonExtra: .so  
[1.321s] -- Found ament_lint_auto: 0.12.11 (/opt/ros/humble/share/ament_lint_auto/cmake)
[1.339s] -- Added test 'lint_cmake' to check CMake code style
[1.340s] -- Added test 'xmllint' to check XML markup files
[1.343s] -- Configuring done
[1.370s] -- Generating done
[1.380s] -- Build files have been written to: /home/sanket/Projects/docker_ws/num_opt_ws/src/num_opt_project/build/uav_msgs
[1.385s] Invoked command in '/home/sanket/Projects/docker_ws/num_opt_ws/src/num_opt_project/build/uav_msgs' returned '0': CMAKE_PREFIX_PATH=${CMAKE_PREFIX_PATH}:/opt/ros/humble /usr/bin/cmake /home/sanket/Projects/docker_ws/num_opt_ws/src/num_opt_project/uav_msgs -DAMENT_CMAKE_SYMLINK_INSTALL=1 -DCMAKE_INSTALL_PREFIX=/home/sanket/Projects/docker_ws/num_opt_ws/src/num_opt_project/install/uav_msgs
[1.387s] Invoking command in '/home/sanket/Projects/docker_ws/num_opt_ws/src/num_opt_project/build/uav_msgs': CMAKE_PREFIX_PATH=${CMAKE_PREFIX_PATH}:/opt/ros/humble /usr/bin/cmake --build /home/sanket/Projects/docker_ws/num_opt_ws/src/num_opt_project/build/uav_msgs -- -j16 -l16
[1.414s] [  2%] [34m[1mGenerating C code for ROS interfaces[0m
[1.422s] [  5%] [34m[1mGenerating C++ code for ROS interfaces[0m
[1.427s] [  5%] Built target ament_cmake_python_symlink_uav_msgs
[1.609s] running egg_info
[1.609s] creating uav_msgs.egg-info
[1.609s] writing uav_msgs.egg-info/PKG-INFO
[1.609s] writing dependency_links to uav_msgs.egg-info/dependency_links.txt
[1.609s] writing top-level names to uav_msgs.egg-info/top_level.txt
[1.609s] writing manifest file 'uav_msgs.egg-info/SOURCES.txt'
[1.611s] reading manifest file 'uav_msgs.egg-info/SOURCES.txt'
[1.612s] writing manifest file 'uav_msgs.egg-info/SOURCES.txt'
[1.633s] [  5%] Built target ament_cmake_python_build_uav_msgs_egg
[1.672s] [  5%] Built target uav_msgs__cpp
[1.672s] [  7%] [32mBuilding C object CMakeFiles/uav_msgs__rosidl_generator_c.dir/rosidl_generator_c/uav_msgs/msg/detail/consensus_traj__functions.c.o[0m
[1.673s] [ 10%] [32mBuilding C object CMakeFiles/uav_msgs__rosidl_generator_c.dir/rosidl_generator_c/uav_msgs/msg/detail/position_cmd__functions.c.o[0m
[1.681s] [ 12%] [34m[1mGenerating C++ type support dispatch for ROS interfaces[0m
[1.681s] [ 15%] [34m[1mGenerating C++ introspection for ROS interfaces[0m
[1.681s] [ 17%] [34m[1mGenerating C++ type support for eProsima Fast-RTPS[0m
[1.721s] [ 20%] [32m[1mLinking C shared library libuav_msgs__rosidl_generator_c.so[0m
[1.753s] [ 20%] Built target uav_msgs__rosidl_generator_c
[1.761s] [ 23%] [34m[1mGenerating C type support for eProsima Fast-RTPS[0m
[1.761s] [ 25%] [34m[1mGenerating C type support dispatch for ROS interfaces[0m
[1.761s] [ 28%] [34m[1mGenerating C introspection for ROS interfaces[0m
[1.900s] [ 33%] [32mBuilding CXX object CMakeFiles/uav_msgs__rosidl_typesupport_cpp.dir/rosidl_typesupport_cpp/uav_msgs/msg/consensus_traj__type_support.cpp.o[0m
[1.900s] [ 33%] [32mBuilding CXX object CMakeFiles/uav_msgs__rosidl_typesupport_cpp.dir/rosidl_typesupport_cpp/uav_msgs/msg/position_cmd__type_support.cpp.o[0m
[1.927s] [ 38%] [32mBuilding CXX object CMakeFiles/uav_msgs__rosidl_typesupport_introspection_cpp.dir/rosidl_typesupport_introspection_cpp/uav_msgs/msg/detail/position_cmd__type_support.cpp.o[0m
[1.927s] [ 38%] [32mBuilding CXX object CMakeFiles/uav_msgs__rosidl_typesupport_introspection_cpp.dir/rosidl_typesupport_introspection_cpp/uav_msgs/msg/detail/consensus_traj__type_support.cpp.o[0m
[1.929s] [ 41%] [32mBuilding CXX object CMakeFiles/uav_msgs__rosidl_typesupport_fastrtps_cpp.dir/rosidl_typesupport_fastrtps_cpp/uav_msgs/msg/detail/dds_fastrtps/position_cmd__type_support.cpp.o[0m
[1.932s] [ 43%] [32mBuilding CXX object CMakeFiles/uav_msgs__rosidl_typesupport_fastrtps_cpp.dir/rosidl_typesupport_fastrtps_cpp/uav_msgs/msg/detail/dds_fastrtps/consensus_traj__type_support.cpp.o[0m
[1.982s] [ 46%] [32mBuilding CXX object CMakeFiles/uav_msgs__rosidl_typesupport_c.dir/rosidl_typesupport_c/uav_msgs/msg/position_cmd__type_support.cpp.o[0m
[1.984s] [ 48%] [32mBuilding CXX object CMakeFiles/uav_msgs__rosidl_typesupport_c.dir/rosidl_typesupport_c/uav_msgs/msg/consensus_traj__type_support.cpp.o[0m
[2.012s] [ 53%] [32mBuilding CXX object CMakeFiles/uav_msgs__rosidl_typesupport_fastrtps_c.dir/rosidl_typesupport_fastrtps_c/uav_msgs/msg/detail/consensus_traj__type_support_c.cpp.o[0m
[2.012s] [ 53%] [32mBuilding CXX object CMakeFiles/uav_msgs__rosidl_typesupport_fastrtps_c.dir/rosidl_typesupport_fastrtps_c/uav_msgs/msg/detail/position_cmd__type_support_c.cpp.o[0m
[2.020s] [ 56%] [32m[1mLinking CXX shared library libuav_msgs__rosidl_typesupport_c.so[0m
[2.055s] [ 61%] [32mBuilding C object CMakeFiles/uav_msgs__rosidl_typesupport_introspection_c.dir/rosidl_typesupport_introspection_c/uav_msgs/msg/detail/consensus_traj__type_support.c.o[0m
[2.056s] [ 61%] [32mBuilding C object CMakeFiles/uav_msgs__rosidl_typesupport_introspection_c.dir/rosidl_typesupport_introspection_c/uav_msgs/msg/detail/position_cmd__type_support.c.o[0m
[2.072s] [ 61%] Built target uav_msgs__rosidl_typesupport_c
[2.109s] [ 64%] [32m[1mLinking C shared library libuav_msgs__rosidl_typesupport_introspection_c.so[0m
[2.132s] [ 66%] [32m[1mLinking CXX shared library libuav_msgs__rosidl_typesupport_cpp.so[0m
[2.138s] [ 66%] Built target uav_msgs__rosidl_typesupport_introspection_c
[2.165s] [ 66%] Built target uav_msgs__rosidl_typesupport_cpp
[2.288s] [ 69%] [32m[1mLinking CXX shared library libuav_msgs__rosidl_typesupport_introspection_cpp.so[0m
[2.313s] [ 71%] [32m[1mLinking CXX shared library libuav_msgs__rosidl_typesupport_fastrtps_c.so[0m
[2.345s] [ 74%] Built target uav_msgs__rosidl_typesupport_introspection_cpp
[2.345s] [ 74%] [32m[1mLinking CXX shared library libuav_msgs__rosidl_typesupport_fastrtps_cpp.so[0m
[2.368s] [ 74%] Built target uav_msgs__rosidl_typesupport_fastrtps_c
[2.396s] [ 74%] Built target uav_msgs__rosidl_typesupport_fastrtps_cpp
[2.412s] [ 74%] Built target uav_msgs
[2.427s] [ 76%] [34m[1mGenerating Python code for ROS interfaces[0m
[2.719s] [ 76%] Built target uav_msgs__py
[2.734s] [ 82%] [32mBuilding C object CMakeFiles/uav_msgs__rosidl_generator_py.dir/rosidl_generator_py/uav_msgs/msg/_position_cmd_s.c.o[0m
[2.734s] [ 82%] [32mBuilding C object CMakeFiles/uav_msgs__rosidl_generator_py.dir/rosidl_generator_py/uav_msgs/msg/_consensus_traj_s.c.o[0m
[2.824s] [ 84%] [32m[1mLinking C shared library rosidl_generator_py/uav_msgs/libuav_msgs__rosidl_generator_py.so[0m
[2.860s] [ 84%] Built target uav_msgs__rosidl_generator_py
[2.876s] [ 87%] [32mBuilding C object CMakeFiles/uav_msgs__rosidl_typesupport_c__pyext.dir/rosidl_generator_py/uav_msgs/_uav_msgs_s.ep.rosidl_typesupport_c.c.o[0m
[2.876s] [ 89%] [32mBuilding C object CMakeFiles/uav_msgs__rosidl_typesupport_introspection_c__pyext.dir/rosidl_generator_py/uav_msgs/_uav_msgs_s.ep.rosidl_typesupport_introspection_c.c.o[0m
[2.876s] [ 92%] [32mBuilding C object CMakeFiles/uav_msgs__rosidl_typesupport_fastrtps_c__pyext.dir/rosidl_generator_py/uav_msgs/_uav_msgs_s.ep.rosidl_typesupport_fastrtps_c.c.o[0m
[2.954s] [ 97%] [32m[1mLinking C shared library rosidl_generator_py/uav_msgs/uav_msgs_s__rosidl_typesupport_introspection_c.cpython-310-x86_64-linux-gnu.so[0m
[2.954s] [ 97%] [32m[1mLinking C shared library rosidl_generator_py/uav_msgs/uav_msgs_s__rosidl_typesupport_fastrtps_c.cpython-310-x86_64-linux-gnu.so[0m
[2.956s] [100%] [32m[1mLinking C shared library rosidl_generator_py/uav_msgs/uav_msgs_s__rosidl_typesupport_c.cpython-310-x86_64-linux-gnu.so[0m
[2.985s] [100%] Built target uav_msgs__rosidl_typesupport_introspection_c__pyext
[2.985s] [100%] Built target uav_msgs__rosidl_typesupport_fastrtps_c__pyext
[2.987s] [100%] Built target uav_msgs__rosidl_typesupport_c__pyext
[2.996s] Invoked command in '/home/sanket/Projects/docker_ws/num_opt_ws/src/num_opt_project/build/uav_msgs' returned '0': CMAKE_PREFIX_PATH=${CMAKE_PREFIX_PATH}:/opt/ros/humble /usr/bin/cmake --build /home/sanket/Projects/docker_ws/num_opt_ws/src/num_opt_project/build/uav_msgs -- -j16 -l16
[3.003s] Invoking command in '/home/sanket/Projects/docker_ws/num_opt_ws/src/num_opt_project/build/uav_msgs': CMAKE_PREFIX_PATH=${CMAKE_PREFIX_PATH}:/opt/ros/humble /usr/bin/cmake --install /home/sanket/Projects/docker_ws/num_opt_ws/src/num_opt_project/build/uav_msgs
[3.008s] -- Install configuration: ""
[3.009s] -- Execute custom install script
[3.009s] -- Symlinking: /home/sanket/Projects/docker_ws/num_opt_ws/src/num_opt_project/install/uav_msgs/share/ament_index/resource_index/rosidl_interfaces/uav_msgs
[3.016s] -- Symlinking: /home/sanket/Projects/docker_ws/num_opt_ws/src/num_opt_project/install/uav_msgs/include/uav_msgs/uav_msgs/msg/consensus_traj.h
[3.022s] -- Symlinking: /home/sanket/Projects/docker_ws/num_opt_ws/src/num_opt_project/install/uav_msgs/include/uav_msgs/uav_msgs/msg/detail/consensus_traj__functions.h
[3.027s] -- Symlinking: /home/sanket/Projects/docker_ws/num_opt_ws/src/num_opt_project/install/uav_msgs/include/uav_msgs/uav_msgs/msg/detail/consensus_traj__struct.h
[3.032s] -- Symlinking: /home/sanket/Projects/docker_ws/num_opt_ws/src/num_opt_project/install/uav_msgs/include/uav_msgs/uav_msgs/msg/detail/consensus_traj__type_support.h
[3.036s] -- Symlinking: /home/sanket/Projects/docker_ws/num_opt_ws/src/num_opt_project/install/uav_msgs/include/uav_msgs/uav_msgs/msg/detail/position_cmd__functions.h
[3.042s] -- Symlinking: /home/sanket/Projects/docker_ws/num_opt_ws/src/num_opt_project/install/uav_msgs/include/uav_msgs/uav_msgs/msg/detail/position_cmd__struct.h
[3.047s] -- Symlinking: /home/sanket/Projects/docker_ws/num_opt_ws/src/num_opt_project/install/uav_msgs/include/uav_msgs/uav_msgs/msg/detail/position_cmd__type_support.h
[3.053s] -- Symlinking: /home/sanket/Projects/docker_ws/num_opt_ws/src/num_opt_project/install/uav_msgs/include/uav_msgs/uav_msgs/msg/position_cmd.h
[3.059s] -- Symlinking: /home/sanket/Projects/docker_ws/num_opt_ws/src/num_opt_project/install/uav_msgs/include/uav_msgs/uav_msgs/msg/rosidl_generator_c__visibility_control.h
[3.065s] -- Symlinking: /home/sanket/Projects/docker_ws/num_opt_ws/src/num_opt_project/install/uav_msgs/share/uav_msgs/environment/library_path.sh
[3.070s] -- Symlinking: /home/sanket/Projects/docker_ws/num_opt_ws/src/num_opt_project/install/uav_msgs/share/uav_msgs/environment/library_path.dsv
[3.075s] -- Symlinking: /home/sanket/Projects/docker_ws/num_opt_ws/src/num_opt_project/install/uav_msgs/include/uav_msgs/uav_msgs/msg/detail/consensus_traj__rosidl_typesupport_fastrtps_c.h
[3.080s] -- Symlinking: /home/sanket/Projects/docker_ws/num_opt_ws/src/num_opt_project/install/uav_msgs/include/uav_msgs/uav_msgs/msg/detail/position_cmd__rosidl_typesupport_fastrtps_c.h
[3.085s] -- Symlinking: /home/sanket/Projects/docker_ws/num_opt_ws/src/num_opt_project/install/uav_msgs/include/uav_msgs/uav_msgs/msg/rosidl_typesupport_fastrtps_c__visibility_control.h
[3.090s] -- Symlinking: /home/sanket/Projects/docker_ws/num_opt_ws/src/num_opt_project/install/uav_msgs/include/uav_msgs/uav_msgs/msg/detail/consensus_traj__rosidl_typesupport_introspection_c.h
[3.096s] -- Symlinking: /home/sanket/Projects/docker_ws/num_opt_ws/src/num_opt_project/install/uav_msgs/include/uav_msgs/uav_msgs/msg/detail/position_cmd__rosidl_typesupport_introspection_c.h
[3.101s] -- Symlinking: /home/sanket/Projects/docker_ws/num_opt_ws/src/num_opt_project/install/uav_msgs/include/uav_msgs/uav_msgs/msg/rosidl_typesupport_introspection_c__visibility_control.h
[3.108s] -- Symlinking: /home/sanket/Projects/docker_ws/num_opt_ws/src/num_opt_project/install/uav_msgs/include/uav_msgs/uav_msgs/msg/consensus_traj.hpp
[3.114s] -- Symlinking: /home/sanket/Projects/docker_ws/num_opt_ws/src/num_opt_project/install/uav_msgs/include/uav_msgs/uav_msgs/msg/detail/consensus_traj__builder.hpp
[3.119s] -- Symlinking: /home/sanket/Projects/docker_ws/num_opt_ws/src/num_opt_project/install/uav_msgs/include/uav_msgs/uav_msgs/msg/detail/consensus_traj__struct.hpp
[3.124s] -- Symlinking: /home/sanket/Projects/docker_ws/num_opt_ws/src/num_opt_project/install/uav_msgs/include/uav_msgs/uav_msgs/msg/detail/consensus_traj__traits.hpp
[3.130s] -- Symlinking: /home/sanket/Projects/docker_ws/num_opt_ws/src/num_opt_project/install/uav_msgs/include/uav_msgs/uav_msgs/msg/detail/consensus_traj__type_support.hpp
[3.135s] -- Symlinking: /home/sanket/Projects/docker_ws/num_opt_ws/src/num_opt_project/install/uav_msgs/include/uav_msgs/uav_msgs/msg/detail/position_cmd__builder.hpp
[3.140s] -- Symlinking: /home/sanket/Projects/docker_ws/num_opt_ws/src/num_opt_project/install/uav_msgs/include/uav_msgs/uav_msgs/msg/detail/position_cmd__struct.hpp
[3.145s] -- Symlinking: /home/sanket/Projects/docker_ws/num_opt_ws/src/num_opt_project/install/uav_msgs/include/uav_msgs/uav_msgs/msg/detail/position_cmd__traits.hpp
[3.150s] -- Symlinking: /home/sanket/Projects/docker_ws/num_opt_ws/src/num_opt_project/install/uav_msgs/include/uav_msgs/uav_msgs/msg/detail/position_cmd__type_support.hpp
[3.156s] -- Symlinking: /home/sanket/Projects/docker_ws/num_opt_ws/src/num_opt_project/install/uav_msgs/include/uav_msgs/uav_msgs/msg/position_cmd.hpp
[3.161s] -- Symlinking: /home/sanket/Projects/docker_ws/num_opt_ws/src/num_opt_project/install/uav_msgs/include/uav_msgs/uav_msgs/msg/rosidl_generator_cpp__visibility_control.hpp
[3.166s] -- Symlinking: /home/sanket/Projects/docker_ws/num_opt_ws/src/num_opt_project/install/uav_msgs/include/uav_msgs/uav_msgs/msg/detail/consensus_traj__rosidl_typesupport_fastrtps_cpp.hpp
[3.171s] -- Symlinking: /home/sanket/Projects/docker_ws/num_opt_ws/src/num_opt_project/install/uav_msgs/include/uav_msgs/uav_msgs/msg/detail/position_cmd__rosidl_typesupport_fastrtps_cpp.hpp
[3.177s] -- Symlinking: /home/sanket/Projects/docker_ws/num_opt_ws/src/num_opt_project/install/uav_msgs/include/uav_msgs/uav_msgs/msg/rosidl_typesupport_fastrtps_cpp__visibility_control.h
[3.182s] -- Symlinking: /home/sanket/Projects/docker_ws/num_opt_ws/src/num_opt_project/install/uav_msgs/include/uav_msgs/uav_msgs/msg/detail/consensus_traj__rosidl_typesupport_introspection_cpp.hpp
[3.188s] -- Symlinking: /home/sanket/Projects/docker_ws/num_opt_ws/src/num_opt_project/install/uav_msgs/include/uav_msgs/uav_msgs/msg/detail/position_cmd__rosidl_typesupport_introspection_cpp.hpp
[3.194s] -- Symlinking: /home/sanket/Projects/docker_ws/num_opt_ws/src/num_opt_project/install/uav_msgs/share/uav_msgs/environment/pythonpath.sh
[3.200s] -- Symlinking: /home/sanket/Projects/docker_ws/num_opt_ws/src/num_opt_project/install/uav_msgs/share/uav_msgs/environment/pythonpath.dsv
[3.207s] -- Symlinking: /home/sanket/Projects/docker_ws/num_opt_ws/src/num_opt_project/install/uav_msgs/local/lib/python3.10/dist-packages/uav_msgs-0.0.0-py3.10.egg-info/PKG-INFO
[3.214s] -- Symlinking: /home/sanket/Projects/docker_ws/num_opt_ws/src/num_opt_project/install/uav_msgs/local/lib/python3.10/dist-packages/uav_msgs-0.0.0-py3.10.egg-info/SOURCES.txt
[3.220s] -- Symlinking: /home/sanket/Projects/docker_ws/num_opt_ws/src/num_opt_project/install/uav_msgs/local/lib/python3.10/dist-packages/uav_msgs-0.0.0-py3.10.egg-info/dependency_links.txt
[3.224s] -- Symlinking: /home/sanket/Projects/docker_ws/num_opt_ws/src/num_opt_project/install/uav_msgs/local/lib/python3.10/dist-packages/uav_msgs-0.0.0-py3.10.egg-info/top_level.txt
[3.230s] -- Symlinking: /home/sanket/Projects/docker_ws/num_opt_ws/src/num_opt_project/install/uav_msgs/local/lib/python3.10/dist-packages/uav_msgs/__init__.py
[3.236s] -- Symlinking: /home/sanket/Projects/docker_ws/num_opt_ws/src/num_opt_project/install/uav_msgs/local/lib/python3.10/dist-packages/uav_msgs/_uav_msgs_s.ep.rosidl_typesupport_c.c
[3.241s] -- Symlinking: /home/sanket/Projects/docker_ws/num_opt_ws/src/num_opt_project/install/uav_msgs/local/lib/python3.10/dist-packages/uav_msgs/_uav_msgs_s.ep.rosidl_typesupport_fastrtps_c.c
[3.246s] -- Symlinking: /home/sanket/Projects/docker_ws/num_opt_ws/src/num_opt_project/install/uav_msgs/local/lib/python3.10/dist-packages/uav_msgs/_uav_msgs_s.ep.rosidl_typesupport_introspection_c.c
[3.251s] -- Symlinking: /home/sanket/Projects/docker_ws/num_opt_ws/src/num_opt_project/install/uav_msgs/local/lib/python3.10/dist-packages/uav_msgs/libuav_msgs__rosidl_generator_py.so
[3.257s] -- Symlinking: /home/sanket/Projects/docker_ws/num_opt_ws/src/num_opt_project/install/uav_msgs/local/lib/python3.10/dist-packages/uav_msgs/msg/__init__.py
[3.262s] -- Symlinking: /home/sanket/Projects/docker_ws/num_opt_ws/src/num_opt_project/install/uav_msgs/local/lib/python3.10/dist-packages/uav_msgs/msg/_consensus_traj.py
[3.268s] -- Symlinking: /home/sanket/Projects/docker_ws/num_opt_ws/src/num_opt_project/install/uav_msgs/local/lib/python3.10/dist-packages/uav_msgs/msg/_consensus_traj_s.c
[3.274s] -- Symlinking: /home/sanket/Projects/docker_ws/num_opt_ws/src/num_opt_project/install/uav_msgs/local/lib/python3.10/dist-packages/uav_msgs/msg/_position_cmd.py
[3.279s] -- Symlinking: /home/sanket/Projects/docker_ws/num_opt_ws/src/num_opt_project/install/uav_msgs/local/lib/python3.10/dist-packages/uav_msgs/msg/_position_cmd_s.c
[3.285s] -- Symlinking: /home/sanket/Projects/docker_ws/num_opt_ws/src/num_opt_project/install/uav_msgs/local/lib/python3.10/dist-packages/uav_msgs/uav_msgs_s__rosidl_typesupport_c.cpython-310-x86_64-linux-gnu.so
[3.290s] -- Symlinking: /home/sanket/Projects/docker_ws/num_opt_ws/src/num_opt_project/install/uav_msgs/local/lib/python3.10/dist-packages/uav_msgs/uav_msgs_s__rosidl_typesupport_fastrtps_c.cpython-310-x86_64-linux-gnu.so
[3.294s] -- Symlinking: /home/sanket/Projects/docker_ws/num_opt_ws/src/num_opt_project/install/uav_msgs/local/lib/python3.10/dist-packages/uav_msgs/uav_msgs_s__rosidl_typesupport_introspection_c.cpython-310-x86_64-linux-gnu.so
[3.300s] -- Up-to-date symlink: /home/sanket/Projects/docker_ws/num_opt_ws/src/num_opt_project/install/uav_msgs/local/lib/python3.10/dist-packages/uav_msgs/uav_msgs_s__rosidl_typesupport_fastrtps_c.cpython-310-x86_64-linux-gnu.so
[3.300s] -- Up-to-date symlink: /home/sanket/Projects/docker_ws/num_opt_ws/src/num_opt_project/install/uav_msgs/local/lib/python3.10/dist-packages/uav_msgs/uav_msgs_s__rosidl_typesupport_introspection_c.cpython-310-x86_64-linux-gnu.so
[3.300s] -- Up-to-date symlink: /home/sanket/Projects/docker_ws/num_opt_ws/src/num_opt_project/install/uav_msgs/local/lib/python3.10/dist-packages/uav_msgs/uav_msgs_s__rosidl_typesupport_c.cpython-310-x86_64-linux-gnu.so
[3.300s] -- Symlinking: /home/sanket/Projects/docker_ws/num_opt_ws/src/num_opt_project/install/uav_msgs/share/uav_msgs/msg/PositionCmd.idl
[3.306s] -- Symlinking: /home/sanket/Projects/docker_ws/num_opt_ws/src/num_opt_project/install/uav_msgs/share/uav_msgs/msg/ConsensusTraj.idl
[3.311s] -- Symlinking: /home/sanket/Projects/docker_ws/num_opt_ws/src/num_opt_project/install/uav_msgs/share/uav_msgs/msg/PositionCmd.msg
[3.316s] -- Symlinking: /home/sanket/Projects/docker_ws/num_opt_ws/src/num_opt_project/install/uav_msgs/share/uav_msgs/msg/ConsensusTraj.msg
[3.322s] -- Symlinking: /home/sanket/Projects/docker_ws/num_opt_ws/src/num_opt_project/install/uav_msgs/share/ament_index/resource_index/package_run_dependencies/uav_msgs
[3.327s] -- Symlinking: /home/sanket/Projects/docker_ws/num_opt_ws/src/num_opt_project/install/uav_msgs/share/ament_index/resource_index/parent_prefix_path/uav_msgs
[3.332s] -- Symlinking: /home/sanket/Projects/docker_ws/num_opt_ws/src/num_opt_project/install/uav_msgs/share/uav_msgs/environment/ament_prefix_path.sh
[3.338s] -- Symlinking: /home/sanket/Projects/docker_ws/num_opt_ws/src/num_opt_project/install/uav_msgs/share/uav_msgs/environment/ament_prefix_path.dsv
[3.343s] -- Symlinking: /home/sanket/Projects/docker_ws/num_opt_ws/src/num_opt_project/install/uav_msgs/share/uav_msgs/environment/path.sh
[3.349s] -- Symlinking: /home/sanket/Projects/docker_ws/num_opt_ws/src/num_opt_project/install/uav_msgs/share/uav_msgs/environment/path.dsv
[3.354s] -- Symlinking: /home/sanket/Projects/docker_ws/num_opt_ws/src/num_opt_project/install/uav_msgs/share/uav_msgs/local_setup.bash
[3.360s] -- Symlinking: /home/sanket/Projects/docker_ws/num_opt_ws/src/num_opt_project/install/uav_msgs/share/uav_msgs/local_setup.sh
[3.366s] -- Symlinking: /home/sanket/Projects/docker_ws/num_opt_ws/src/num_opt_project/install/uav_msgs/share/uav_msgs/local_setup.zsh
[3.371s] -- Symlinking: /home/sanket/Projects/docker_ws/num_opt_ws/src/num_opt_project/install/uav_msgs/share/uav_msgs/local_setup.dsv
[3.377s] -- Symlinking: /home/sanket/Projects/docker_ws/num_opt_ws/src/num_opt_project/install/uav_msgs/share/uav_msgs/package.dsv
[3.383s] -- Symlinking: /home/sanket/Projects/docker_ws/num_opt_ws/src/num_opt_project/install/uav_msgs/share/ament_index/resource_index/packages/uav_msgs
[3.390s] -- Symlinking: /home/sanket/Projects/docker_ws/num_opt_ws/src/num_opt_project/install/uav_msgs/share/uav_msgs/cmake/rosidl_cmake-extras.cmake
[3.396s] -- Symlinking: /home/sanket/Projects/docker_ws/num_opt_ws/src/num_opt_project/install/uav_msgs/share/uav_msgs/cmake/ament_cmake_export_dependencies-extras.cmake
[3.402s] -- Symlinking: /home/sanket/Projects/docker_ws/num_opt_ws/src/num_opt_project/install/uav_msgs/share/uav_msgs/cmake/ament_cmake_export_include_directories-extras.cmake
[3.409s] -- Symlinking: /home/sanket/Projects/docker_ws/num_opt_ws/src/num_opt_project/install/uav_msgs/share/uav_msgs/cmake/ament_cmake_export_libraries-extras.cmake
[3.415s] -- Symlinking: /home/sanket/Projects/docker_ws/num_opt_ws/src/num_opt_project/install/uav_msgs/share/uav_msgs/cmake/ament_cmake_export_targets-extras.cmake
[3.421s] -- Symlinking: /home/sanket/Projects/docker_ws/num_opt_ws/src/num_opt_project/install/uav_msgs/share/uav_msgs/cmake/rosidl_cmake_export_typesupport_targets-extras.cmake
[3.427s] -- Symlinking: /home/sanket/Projects/docker_ws/num_opt_ws/src/num_opt_project/install/uav_msgs/share/uav_msgs/cmake/rosidl_cmake_export_typesupport_libraries-extras.cmake
[3.433s] -- Symlinking: /home/sanket/Projects/docker_ws/num_opt_ws/src/num_opt_project/install/uav_msgs/share/uav_msgs/cmake/uav_msgsConfig.cmake
[3.438s] -- Symlinking: /home/sanket/Projects/docker_ws/num_opt_ws/src/num_opt_project/install/uav_msgs/share/uav_msgs/cmake/uav_msgsConfig-version.cmake
[3.445s] -- Symlinking: /home/sanket/Projects/docker_ws/num_opt_ws/src/num_opt_project/install/uav_msgs/share/uav_msgs/package.xml
[3.451s] -- Installing: /home/sanket/Projects/docker_ws/num_opt_ws/src/num_opt_project/install/uav_msgs/lib/libuav_msgs__rosidl_generator_c.so
[3.451s] -- Set runtime path of "/home/sanket/Projects/docker_ws/num_opt_ws/src/num_opt_project/install/uav_msgs/lib/libuav_msgs__rosidl_generator_c.so" to ""
[3.451s] -- Installing: /home/sanket/Projects/docker_ws/num_opt_ws/src/num_opt_project/install/uav_msgs/lib/libuav_msgs__rosidl_typesupport_fastrtps_c.so
[3.452s] -- Set runtime path of "/home/sanket/Projects/docker_ws/num_opt_ws/src/num_opt_project/install/uav_msgs/lib/libuav_msgs__rosidl_typesupport_fastrtps_c.so" to ""
[3.452s] -- Installing: /home/sanket/Projects/docker_ws/num_opt_ws/src/num_opt_project/install/uav_msgs/lib/libuav_msgs__rosidl_typesupport_introspection_c.so
[3.452s] -- Set runtime path of "/home/sanket/Projects/docker_ws/num_opt_ws/src/num_opt_project/install/uav_msgs/lib/libuav_msgs__rosidl_typesupport_introspection_c.so" to ""
[3.452s] -- Installing: /home/sanket/Projects/docker_ws/num_opt_ws/src/num_opt_project/install/uav_msgs/lib/libuav_msgs__rosidl_typesupport_c.so
[3.453s] -- Set runtime path of "/home/sanket/Projects/docker_ws/num_opt_ws/src/num_opt_project/install/uav_msgs/lib/libuav_msgs__rosidl_typesupport_c.so" to ""
[3.453s] -- Installing: /home/sanket/Projects/docker_ws/num_opt_ws/src/num_opt_project/install/uav_msgs/lib/libuav_msgs__rosidl_typesupport_fastrtps_cpp.so
[3.453s] -- Set runtime path of "/home/sanket/Projects/docker_ws/num_opt_ws/src/num_opt_project/install/uav_msgs/lib/libuav_msgs__rosidl_typesupport_fastrtps_cpp.so" to ""
[3.454s] -- Installing: /home/sanket/Projects/docker_ws/num_opt_ws/src/num_opt_project/install/uav_msgs/lib/libuav_msgs__rosidl_typesupport_introspection_cpp.so
[3.454s] -- Set runtime path of "/home/sanket/Projects/docker_ws/num_opt_ws/src/num_opt_project/install/uav_msgs/lib/libuav_msgs__rosidl_typesupport_introspection_cpp.so" to ""
[3.454s] -- Installing: /home/sanket/Projects/docker_ws/num_opt_ws/src/num_opt_project/install/uav_msgs/lib/libuav_msgs__rosidl_typesupport_cpp.so
[3.454s] -- Set runtime path of "/home/sanket/Projects/docker_ws/num_opt_ws/src/num_opt_project/install/uav_msgs/lib/libuav_msgs__rosidl_typesupport_cpp.so" to ""
[3.484s] Listing '/home/sanket/Projects/docker_ws/num_opt_ws/src/num_opt_project/install/uav_msgs/local/lib/python3.10/dist-packages/uav_msgs'...
[3.484s] Compiling '/home/sanket/Projects/docker_ws/num_opt_ws/src/num_opt_project/install/uav_msgs/local/lib/python3.10/dist-packages/uav_msgs/__init__.py'...
[3.484s] Listing '/home/sanket/Projects/docker_ws/num_opt_ws/src/num_opt_project/install/uav_msgs/local/lib/python3.10/dist-packages/uav_msgs/msg'...
[3.484s] Compiling '/home/sanket/Projects/docker_ws/num_opt_ws/src/num_opt_project/install/uav_msgs/local/lib/python3.10/dist-packages/uav_msgs/msg/__init__.py'...
[3.484s] Compiling '/home/sanket/Projects/docker_ws/num_opt_ws/src/num_opt_project/install/uav_msgs/local/lib/python3.10/dist-packages/uav_msgs/msg/_consensus_traj.py'...
[3.484s] Compiling '/home/sanket/Projects/docker_ws/num_opt_ws/src/num_opt_project/install/uav_msgs/local/lib/python3.10/dist-packages/uav_msgs/msg/_position_cmd.py'...
[3.488s] -- Installing: /home/sanket/Projects/docker_ws/num_opt_ws/src/num_opt_project/install/uav_msgs/lib/libuav_msgs__rosidl_generator_py.so
[3.488s] -- Set runtime path of "/home/sanket/Projects/docker_ws/num_opt_ws/src/num_opt_project/install/uav_msgs/lib/libuav_msgs__rosidl_generator_py.so" to ""
[3.488s] -- Installing: /home/sanket/Projects/docker_ws/num_opt_ws/src/num_opt_project/install/uav_msgs/share/uav_msgs/cmake/export_uav_msgs__rosidl_generator_cExport.cmake
[3.488s] -- Installing: /home/sanket/Projects/docker_ws/num_opt_ws/src/num_opt_project/install/uav_msgs/share/uav_msgs/cmake/export_uav_msgs__rosidl_generator_cExport-noconfig.cmake
[3.488s] -- Installing: /home/sanket/Projects/docker_ws/num_opt_ws/src/num_opt_project/install/uav_msgs/share/uav_msgs/cmake/export_uav_msgs__rosidl_typesupport_fastrtps_cExport.cmake
[3.488s] -- Installing: /home/sanket/Projects/docker_ws/num_opt_ws/src/num_opt_project/install/uav_msgs/share/uav_msgs/cmake/export_uav_msgs__rosidl_typesupport_fastrtps_cExport-noconfig.cmake
[3.488s] -- Installing: /home/sanket/Projects/docker_ws/num_opt_ws/src/num_opt_project/install/uav_msgs/share/uav_msgs/cmake/uav_msgs__rosidl_typesupport_introspection_cExport.cmake
[3.488s] -- Installing: /home/sanket/Projects/docker_ws/num_opt_ws/src/num_opt_project/install/uav_msgs/share/uav_msgs/cmake/uav_msgs__rosidl_typesupport_introspection_cExport-noconfig.cmake
[3.489s] -- Installing: /home/sanket/Projects/docker_ws/num_opt_ws/src/num_opt_project/install/uav_msgs/share/uav_msgs/cmake/uav_msgs__rosidl_typesupport_cExport.cmake
[3.489s] -- Installing: /home/sanket/Projects/docker_ws/num_opt_ws/src/num_opt_project/install/uav_msgs/share/uav_msgs/cmake/uav_msgs__rosidl_typesupport_cExport-noconfig.cmake
[3.489s] -- Installing: /home/sanket/Projects/docker_ws/num_opt_ws/src/num_opt_project/install/uav_msgs/share/uav_msgs/cmake/export_uav_msgs__rosidl_generator_cppExport.cmake
[3.489s] -- Installing: /home/sanket/Projects/docker_ws/num_opt_ws/src/num_opt_project/install/uav_msgs/share/uav_msgs/cmake/export_uav_msgs__rosidl_typesupport_fastrtps_cppExport.cmake
[3.489s] -- Installing: /home/sanket/Projects/docker_ws/num_opt_ws/src/num_opt_project/install/uav_msgs/share/uav_msgs/cmake/export_uav_msgs__rosidl_typesupport_fastrtps_cppExport-noconfig.cmake
[3.489s] -- Installing: /home/sanket/Projects/docker_ws/num_opt_ws/src/num_opt_project/install/uav_msgs/share/uav_msgs/cmake/uav_msgs__rosidl_typesupport_introspection_cppExport.cmake
[3.489s] -- Installing: /home/sanket/Projects/docker_ws/num_opt_ws/src/num_opt_project/install/uav_msgs/share/uav_msgs/cmake/uav_msgs__rosidl_typesupport_introspection_cppExport-noconfig.cmake
[3.489s] -- Installing: /home/sanket/Projects/docker_ws/num_opt_ws/src/num_opt_project/install/uav_msgs/share/uav_msgs/cmake/uav_msgs__rosidl_typesupport_cppExport.cmake
[3.489s] -- Installing: /home/sanket/Projects/docker_ws/num_opt_ws/src/num_opt_project/install/uav_msgs/share/uav_msgs/cmake/uav_msgs__rosidl_typesupport_cppExport-noconfig.cmake
[3.490s] -- Installing: /home/sanket/Projects/docker_ws/num_opt_ws/src/num_opt_project/install/uav_msgs/share/uav_msgs/cmake/export_uav_msgs__rosidl_generator_pyExport.cmake
[3.490s] -- Installing: /home/sanket/Projects/docker_ws/num_opt_ws/src/num_opt_project/install/uav_msgs/share/uav_msgs/cmake/export_uav_msgs__rosidl_generator_pyExport-noconfig.cmake
[3.492s] Invoked command in '/home/sanket/Projects/docker_ws/num_opt_ws/src/num_opt_project/build/uav_msgs' returned '0': CMAKE_PREFIX_PATH=${CMAKE_PREFIX_PATH}:/opt/ros/humble /usr/bin/cmake --install /home/sanket/Projects/docker_ws/num_opt_ws/src/num_opt_project/build/uav_msgs
